<?xml version="1.0" encoding="UTF-8" ?>
<testsuites>
  <testsuite errors="0" failures="0" id="0" name="AgentJarTest" package="org.jacoco.agent" skipped="0" tests="5" time="0.053">
      <properties>
[...]
</properties>

      <testcase classname="org.jacoco.agent.AgentJarTest" name="testGetResource" time="0.011" />

      <testcase classname="org.jacoco.agent.AgentJarTest" name="testGetResourceAsStream" time="0.002" />

      <testcase classname="org.jacoco.agent.AgentJarTest" name="testExtractTo" time="0.008" />

      <testcase classname="org.jacoco.agent.AgentJarTest" name="testExtractToNegative" time="0.001" />

      <testcase classname="org.jacoco.agent.AgentJarTest" name="testExtractToTempLocation" time="0.003" />

  </testsuite>
  <testsuite errors="0" failures="0" id="1" name="AgentTest" package="org.jacoco.agent.rt.internal" skipped="0" tests="13" time="0.079">
      <properties>
[...]
</properties>

      <testcase classname="org.jacoco.agent.rt.internal.AgentTest" name="testCreateController" time="0.011" />

      <testcase classname="org.jacoco.agent.rt.internal.AgentTest" name="testStartupShutdown" time="0.003" />

      <testcase classname="org.jacoco.agent.rt.internal.AgentTest" name="testShutdownWithException" time="0.003" />

      <testcase classname="org.jacoco.agent.rt.internal.AgentTest" name="testNoSessionId" time="0.001" />

      <testcase classname="org.jacoco.agent.rt.internal.AgentTest" name="testNoDumpOnExit" time="0.001" />

      <testcase classname="org.jacoco.agent.rt.internal.AgentTest" name="testInvalidExecFile" time="0" />

      <testcase classname="org.jacoco.agent.rt.internal.AgentTest" name="testGetVersion" time="0.006" />

      <testcase classname="org.jacoco.agent.rt.internal.AgentTest" name="testGetSetSessionId" time="0.003" />

      <testcase classname="org.jacoco.agent.rt.internal.AgentTest" name="testReset" time="0.001" />

      <testcase classname="org.jacoco.agent.rt.internal.AgentTest" name="testGetExecutionData" time="0.001" />

      <testcase classname="org.jacoco.agent.rt.internal.AgentTest" name="testDump" time="0.002" />

      <testcase classname="org.jacoco.agent.rt.internal.AgentTest" name="testJmx" time="0.037" />

      <testcase classname="org.jacoco.agent.rt.internal.AgentTest" name="testNoJmx" time="0.001" />

  </testsuite>
  <testsuite errors="0" failures="0" id="2" name="ClassFileDumperTest" package="org.jacoco.agent.rt.internal" skipped="0" tests="3" time="0.05">
      <properties>
[...]
</properties>

      <testcase classname="org.jacoco.agent.rt.internal.ClassFileDumperTest" name="testDumpClassWithPackage" time="0.013" />

      <testcase classname="org.jacoco.agent.rt.internal.ClassFileDumperTest" name="testDumpClassInDefaultPackage" time="0.001" />

      <testcase classname="org.jacoco.agent.rt.internal.ClassFileDumperTest" name="testNoDumps" time="0" />

  </testsuite>
  <testsuite errors="0" failures="0" id="3" name="ConfigLoaderTest" package="org.jacoco.agent.rt.internal" skipped="0" tests="4" time="0.006">
      <properties>
[...]
</properties>

      <testcase classname="org.jacoco.agent.rt.internal.ConfigLoaderTest" name="testResource" time="0.004" />

      <testcase classname="org.jacoco.agent.rt.internal.ConfigLoaderTest" name="testNoResource" time="0" />

      <testcase classname="org.jacoco.agent.rt.internal.ConfigLoaderTest" name="testSystemProperties" time="0" />

      <testcase classname="org.jacoco.agent.rt.internal.ConfigLoaderTest" name="testSubstituteProperties" time="0" />

  </testsuite>
  <testsuite errors="0" failures="0" id="4" name="CoverageTransformerTest" package="org.jacoco.agent.rt.internal" skipped="0" tests="20" time="0.046">
      <properties>
[...]
</properties>

      <testcase classname="org.jacoco.agent.rt.internal.CoverageTransformerTest" name="testFilterAgentClass" time="0.009" />

      <testcase classname="org.jacoco.agent.rt.internal.CoverageTransformerTest" name="testFilterInclBootstrapClassesPositive" time="0" />

      <testcase classname="org.jacoco.agent.rt.internal.CoverageTransformerTest" name="testFilterInclBootstrapClassesNegative" time="0" />

      <testcase classname="org.jacoco.agent.rt.internal.CoverageTransformerTest" name="testFilterClassLoaderPositive1" time="0.001" />

      <testcase classname="org.jacoco.agent.rt.internal.CoverageTransformerTest" name="testFilterClassLoaderPositive2" time="0.001" />

      <testcase classname="org.jacoco.agent.rt.internal.CoverageTransformerTest" name="testFilterClassLoaderNegative1" time="0.001" />

      <testcase classname="org.jacoco.agent.rt.internal.CoverageTransformerTest" name="testFilterClassLoaderNegative2" time="0.002" />

      <testcase classname="org.jacoco.agent.rt.internal.CoverageTransformerTest" name="testFilterIncludedClassPositive" time="0.001" />

      <testcase classname="org.jacoco.agent.rt.internal.CoverageTransformerTest" name="testFilterIncludedClassNegative" time="0.001" />

      <testcase classname="org.jacoco.agent.rt.internal.CoverageTransformerTest" name="testFilterExcludedClassPositive" time="0.001" />

      <testcase classname="org.jacoco.agent.rt.internal.CoverageTransformerTest" name="testFilterExcludedClassPositiveInner" time="0.001" />

      <testcase classname="org.jacoco.agent.rt.internal.CoverageTransformerTest" name="testFilterExcludedClassNegative" time="0.001" />

      <testcase classname="org.jacoco.agent.rt.internal.CoverageTransformerTest" name="testFilterSourceLocationPositive1" time="0" />

      <testcase classname="org.jacoco.agent.rt.internal.CoverageTransformerTest" name="testFilterSourceLocationPositive2" time="0.001" />

      <testcase classname="org.jacoco.agent.rt.internal.CoverageTransformerTest" name="testFilterSourceLocationPositive3" time="0.001" />

      <testcase classname="org.jacoco.agent.rt.internal.CoverageTransformerTest" name="testFilterSourceLocationNegative" time="0.002" />

      <testcase classname="org.jacoco.agent.rt.internal.CoverageTransformerTest" name="testTransformFiltered1" time="0.001" />

      <testcase classname="org.jacoco.agent.rt.internal.CoverageTransformerTest" name="testTransformFiltered2" time="0" />

      <testcase classname="org.jacoco.agent.rt.internal.CoverageTransformerTest" name="testTransformFailure" time="0.002" />

      <testcase classname="org.jacoco.agent.rt.internal.CoverageTransformerTest" name="testRedefinedClass" time="0.001" />

  </testsuite>
  <testsuite errors="0" failures="0" id="5" name="FileOutputTest" package="org.jacoco.agent.rt.internal.output" skipped="0" tests="3" time="0.003">
      <properties>
[...]
</properties>

      <testcase classname="org.jacoco.agent.rt.internal.output.FileOutputTest" name="testCreateDestFileOnStartup" time="0.001" />

      <testcase classname="org.jacoco.agent.rt.internal.output.FileOutputTest" name="testWriteData" time="0" />

      <testcase classname="org.jacoco.agent.rt.internal.output.FileOutputTest" name="testInvalidDestFile" time="0.001" />

  </testsuite>
  <testsuite errors="0" failures="0" id="6" name="MockServerSocketTest" package="org.jacoco.agent.rt.internal.output" skipped="0" tests="6" time="0.05">
      <properties>
[...]
</properties>

      <testcase classname="org.jacoco.agent.rt.internal.output.MockServerSocketTest" name="testClose" time="0.002" />

      <testcase classname="org.jacoco.agent.rt.internal.output.MockServerSocketTest" name="testCloseWhileAccept" time="0.011" />

      <testcase classname="org.jacoco.agent.rt.internal.output.MockServerSocketTest" name="testAccept" time="0.012" />

      <testcase classname="org.jacoco.agent.rt.internal.output.MockServerSocketTest" name="testAcceptOnClosedServerSocket" time="0" />

      <testcase classname="org.jacoco.agent.rt.internal.output.MockServerSocketTest" name="testConnect" time="0.011" />

      <testcase classname="org.jacoco.agent.rt.internal.output.MockServerSocketTest" name="testWaitForAccept" time="0.011" />

  </testsuite>
  <testsuite errors="0" failures="0" id="7" name="MockSocketConnectionTest" package="org.jacoco.agent.rt.internal.output" skipped="0" tests="10" time="0.055">
      <properties>
[...]
</properties>

      <testcase classname="org.jacoco.agent.rt.internal.output.MockSocketConnectionTest" name="testIsClosed" time="0.012" />

      <testcase classname="org.jacoco.agent.rt.internal.output.MockSocketConnectionTest" name="testGetInputStreamOnClosedSocket" time="0.001" />

      <testcase classname="org.jacoco.agent.rt.internal.output.MockSocketConnectionTest" name="testReadOnClosedSocket" time="0" />

      <testcase classname="org.jacoco.agent.rt.internal.output.MockSocketConnectionTest" name="testReadOnClosedSocketAsync" time="0.012" />

      <testcase classname="org.jacoco.agent.rt.internal.output.MockSocketConnectionTest" name="testGetOutputStreamOnClosedSocket" time="0.001" />

      <testcase classname="org.jacoco.agent.rt.internal.output.MockSocketConnectionTest" name="testWriteOnClosedSocket" time="0" />

      <testcase classname="org.jacoco.agent.rt.internal.output.MockSocketConnectionTest" name="testContents" time="0.001" />

      <testcase classname="org.jacoco.agent.rt.internal.output.MockSocketConnectionTest" name="testWaitForContents" time="0.011" />

      <testcase classname="org.jacoco.agent.rt.internal.output.MockSocketConnectionTest" name="testCloseOtherSocket" time="0" />

      <testcase classname="org.jacoco.agent.rt.internal.output.MockSocketConnectionTest" name="testCloseOtherSocketAsync" time="0.012" />

  </testsuite>
  <testsuite errors="0" failures="0" id="8" name="TcpClientOutputTest" package="org.jacoco.agent.rt.internal.output" skipped="0" tests="4" time="0.006">
      <properties>
[...]
</properties>

      <testcase classname="org.jacoco.agent.rt.internal.output.TcpClientOutputTest" name="testRemoteClose" time="0.002" />

      <testcase classname="org.jacoco.agent.rt.internal.output.TcpClientOutputTest" name="testShutdown" time="0" />

      <testcase classname="org.jacoco.agent.rt.internal.output.TcpClientOutputTest" name="testInvalidCommand" time="0" />

      <testcase classname="org.jacoco.agent.rt.internal.output.TcpClientOutputTest" name="testWriteExecutionData" time="0.001" />

  </testsuite>
  <testsuite errors="0" failures="0" id="9" name="TcpConnectionTest" package="org.jacoco.agent.rt.internal.output" skipped="0" tests="8" time="0.069">
      <properties>
[...]
</properties>

      <testcase classname="org.jacoco.agent.rt.internal.output.TcpConnectionTest" name="testInvalidHeader" time="0.004" />

      <testcase classname="org.jacoco.agent.rt.internal.output.TcpConnectionTest" name="testInvalidContent" time="0" />

      <testcase classname="org.jacoco.agent.rt.internal.output.TcpConnectionTest" name="testRemoteClose" time="0.012" />

      <testcase classname="org.jacoco.agent.rt.internal.output.TcpConnectionTest" name="testLocalClose" time="0.011" />

      <testcase classname="org.jacoco.agent.rt.internal.output.TcpConnectionTest" name="testRemoteDump" time="0.012" />

      <testcase classname="org.jacoco.agent.rt.internal.output.TcpConnectionTest" name="testLocalDump" time="0.012" />

      <testcase classname="org.jacoco.agent.rt.internal.output.TcpConnectionTest" name="testLocalDumpWithoutInit" time="0" />

      <testcase classname="org.jacoco.agent.rt.internal.output.TcpConnectionTest" name="testRemoteReset" time="0.012" />

  </testsuite>
  <testsuite errors="0" failures="0" id="10" name="TcpServerOutputTest" package="org.jacoco.agent.rt.internal.output" skipped="0" tests="6" time="0.006">
      <properties>
[...]
</properties>

      <testcase classname="org.jacoco.agent.rt.internal.output.TcpServerOutputTest" name="testInvalidHeader" time="0.002" />

      <testcase classname="org.jacoco.agent.rt.internal.output.TcpServerOutputTest" name="testWriteExecutionData" time="0.001" />

      <testcase classname="org.jacoco.agent.rt.internal.output.TcpServerOutputTest" name="testShutdownWithoutConnection" time="0" />

      <testcase classname="org.jacoco.agent.rt.internal.output.TcpServerOutputTest" name="testShutdownWithConnection" time="0" />

      <testcase classname="org.jacoco.agent.rt.internal.output.TcpServerOutputTest" name="testGetInetAddressLoopback" time="0.001" />

      <testcase classname="org.jacoco.agent.rt.internal.output.TcpServerOutputTest" name="testGetInetAddressAny" time="0" />

  </testsuite>
  <testsuite errors="0" failures="0" id="11" name="AgentTaskTest" package="org.jacoco.ant" skipped="0" tests="5" time="0.055">
      <properties>
[...]
</properties>

      <testcase classname="org.jacoco.ant.AgentTaskTest" name="testCoverageAgentWithEmptyProperty [src\/org\/jacoco\/ant\/AgentTaskTest.xml]" time="0.007" />

      <testcase classname="org.jacoco.ant.AgentTaskTest" name="testCoverageAgent [src\/org\/jacoco\/ant\/AgentTaskTest.xml]" time="0.017" />

      <testcase classname="org.jacoco.ant.AgentTaskTest" name="testCoverageAgentReuseAgentJar [src\/org\/jacoco\/ant\/AgentTaskTest.xml]" time="0.01" />

      <testcase classname="org.jacoco.ant.AgentTaskTest" name="testCoverageAgentWithNoProperty [src\/org\/jacoco\/ant\/AgentTaskTest.xml]" time="0.006" />

      <testcase classname="org.jacoco.ant.AgentTaskTest" name="testCoverageAgentDisabled [src\/org\/jacoco\/ant\/AgentTaskTest.xml]" time="0.006" />

  </testsuite>
  <testsuite errors="0" failures="0" id="12" name="AntFilesLocatorTest" package="org.jacoco.ant" skipped="0" tests="2" time="0.014">
      <properties>
[...]
</properties>

      <testcase classname="org.jacoco.ant.AntFilesLocatorTest" name="testGetSourceFileNegative" time="0.002" />

      <testcase classname="org.jacoco.ant.AntFilesLocatorTest" name="testGetSourceFile" time="0.001" />

  </testsuite>
  <testsuite errors="0" failures="0" id="13" name="AntResourcesLocatorTest" package="org.jacoco.ant" skipped="0" tests="7" time="0.008">
      <properties>
[...]
</properties>

      <testcase classname="org.jacoco.ant.AntResourcesLocatorTest" name="testGetTabWidth" time="0" />

      <testcase classname="org.jacoco.ant.AntResourcesLocatorTest" name="testEmpty" time="0.001" />

      <testcase classname="org.jacoco.ant.AntResourcesLocatorTest" name="testFile" time="0" />

      <testcase classname="org.jacoco.ant.AntResourcesLocatorTest" name="testDirectory" time="0.001" />

      <testcase classname="org.jacoco.ant.AntResourcesLocatorTest" name="testFilePrecedence" time="0.001" />

      <testcase classname="org.jacoco.ant.AntResourcesLocatorTest" name="testDirectoryOrdering" time="0.002" />

      <testcase classname="org.jacoco.ant.AntResourcesLocatorTest" name="testAddAll" time="0.001" />

  </testsuite>
  <testsuite errors="0" failures="0" id="14" name="CoverageTaskTest" package="org.jacoco.ant" skipped="0" tests="11" time="1.311">
      <properties>
[...]
</properties>

      <testcase classname="org.jacoco.ant.CoverageTaskTest" name="testCoverageOfForkedJavaDisabled [src\/org\/jacoco\/ant\/CoverageTaskTest.xml]" time="0.099" />

      <testcase classname="org.jacoco.ant.CoverageTaskTest" name="testCoverageOfForkedJavaWithVariable [src\/org\/jacoco\/ant\/CoverageTaskTest.xml]" time="0.147" />

      <testcase classname="org.jacoco.ant.CoverageTaskTest" name="testNoSubTasks [src\/org\/jacoco\/ant\/CoverageTaskTest.xml]" time="0.006" />

      <testcase classname="org.jacoco.ant.CoverageTaskTest" name="testCoverageOfNonForkedJava [src\/org\/jacoco\/ant\/CoverageTaskTest.xml]" time="0.006" />

      <testcase classname="org.jacoco.ant.CoverageTaskTest" name="testMultipleSubTasks [src\/org\/jacoco\/ant\/CoverageTaskTest.xml]" time="0.008" />

      <testcase classname="org.jacoco.ant.CoverageTaskTest" name="testCoverageOfForkedJUnit [src\/org\/jacoco\/ant\/CoverageTaskTest.xml]" time="0.528" />

      <testcase classname="org.jacoco.ant.CoverageTaskTest" name="testCoverageOfForkedJava [src\/org\/jacoco\/ant\/CoverageTaskTest.xml]" time="0.154" />

      <testcase classname="org.jacoco.ant.CoverageTaskTest" name="testCoverageOfForkedJUnitDisabled [src\/org\/jacoco\/ant\/CoverageTaskTest.xml]" time="0.164" />

      <testcase classname="org.jacoco.ant.CoverageTaskTest" name="testInclBootstrapClasses [src\/org\/jacoco\/ant\/CoverageTaskTest.xml]" time="0.16" />

      <testcase classname="org.jacoco.ant.CoverageTaskTest" name="testInvalidSubTask [src\/org\/jacoco\/ant\/CoverageTaskTest.xml]" time="0.005" />

      <testcase classname="org.jacoco.ant.CoverageTaskTest" name="testCoverageOfNonForkedJUnit [src\/org\/jacoco\/ant\/CoverageTaskTest.xml]" time="0.007" />

  </testsuite>
  <testsuite errors="0" failures="0" id="15" name="DumpTaskTest" package="org.jacoco.ant" skipped="0" tests="4" time="0.038">
      <properties>
[...]
</properties>

      <testcase classname="org.jacoco.ant.DumpTaskTest" name="testUnknownHost [src\/org\/jacoco\/ant\/DumpTaskTest.xml]" time="0.009" />

      <testcase classname="org.jacoco.ant.DumpTaskTest" name="testInvalidPort [src\/org\/jacoco\/ant\/DumpTaskTest.xml]" time="0.007" />

      <testcase classname="org.jacoco.ant.DumpTaskTest" name="testNoDestFile [src\/org\/jacoco\/ant\/DumpTaskTest.xml]" time="0.007" />

      <testcase classname="org.jacoco.ant.DumpTaskTest" name="testNoServer [src\/org\/jacoco\/ant\/DumpTaskTest.xml]" time="0.008" />

  </testsuite>
  <testsuite errors="0" failures="0" id="16" name="DumpTaskWithServerTest" package="org.jacoco.ant" skipped="0" tests="4" time="0.61">
      <properties>
[...]
</properties>

      <testcase classname="org.jacoco.ant.DumpTaskWithServerTest" name="testDump [src\/org\/jacoco\/ant\/DumpTaskWithServerTest.xml]" time="0.134" />

      <testcase classname="org.jacoco.ant.DumpTaskWithServerTest" name="testNoDumpWithFileSet [src\/org\/jacoco\/ant\/DumpTaskWithServerTest.xml]" time="0.105" />

      <testcase classname="org.jacoco.ant.DumpTaskWithServerTest" name="testNoDumpOrReset [src\/org\/jacoco\/ant\/DumpTaskWithServerTest.xml]" time="0.108" />

      <testcase classname="org.jacoco.ant.DumpTaskWithServerTest" name="testResetOnly [src\/org\/jacoco\/ant\/DumpTaskWithServerTest.xml]" time="0.106" />

  </testsuite>
  <testsuite errors="0" failures="0" id="17" name="InstrumentTaskTest" package="org.jacoco.ant" skipped="0" tests="7" time="0.932">
      <properties>
[...]
</properties>

      <testcase classname="org.jacoco.ant.InstrumentTaskTest" name="testInstrumentRemoveSignatures [src\/org\/jacoco\/ant\/InstrumentTaskTest.xml]" time="0.359" />

      <testcase classname="org.jacoco.ant.InstrumentTaskTest" name="testInstrumentIgnoreDirectories [src\/org\/jacoco\/ant\/InstrumentTaskTest.xml]" time="0.004" />

      <testcase classname="org.jacoco.ant.InstrumentTaskTest" name="testInstrumentAndRunWithSystemProperties [src\/org\/jacoco\/ant\/InstrumentTaskTest.xml]" time="0.116" />

      <testcase classname="org.jacoco.ant.InstrumentTaskTest" name="testInstrumentAndRunWithConfigFile [src\/org\/jacoco\/ant\/InstrumentTaskTest.xml]" time="0.13" />

      <testcase classname="org.jacoco.ant.InstrumentTaskTest" name="testInstrumentKeepSignatures [src\/org\/jacoco\/ant\/InstrumentTaskTest.xml]" time="0.283" />

      <testcase classname="org.jacoco.ant.InstrumentTaskTest" name="testInstrumentInvalidClassFile [src\/org\/jacoco\/ant\/InstrumentTaskTest.xml]" time="0.011" />

      <testcase classname="org.jacoco.ant.InstrumentTaskTest" name="testInstrumentNoDestination [src\/org\/jacoco\/ant\/InstrumentTaskTest.xml]" time="0.005" />

  </testsuite>
  <testsuite errors="0" failures="0" id="18" name="MergeTaskTest" package="org.jacoco.ant" skipped="0" tests="6" time="0.06">
      <properties>
[...]
</properties>

      <testcase classname="org.jacoco.ant.MergeTaskTest" name="testMergeEmptySet [src\/org\/jacoco\/ant\/MergeTaskTest.xml]" time="0.009" />

      <testcase classname="org.jacoco.ant.MergeTaskTest" name="testMergeMultipleFiles [src\/org\/jacoco\/ant\/MergeTaskTest.xml]" time="0.008" />

      <testcase classname="org.jacoco.ant.MergeTaskTest" name="testMergeToDirectory [src\/org\/jacoco\/ant\/MergeTaskTest.xml]" time="0.007" />

      <testcase classname="org.jacoco.ant.MergeTaskTest" name="testMergeBadFiles [src\/org\/jacoco\/ant\/MergeTaskTest.xml]" time="0.007" />

      <testcase classname="org.jacoco.ant.MergeTaskTest" name="testMergeDirectory [src\/org\/jacoco\/ant\/MergeTaskTest.xml]" time="0.008" />

      <testcase classname="org.jacoco.ant.MergeTaskTest" name="testMergeNoDestination [src\/org\/jacoco\/ant\/MergeTaskTest.xml]" time="0.008" />

  </testsuite>
  <testsuite errors="0" failures="0" id="19" name="ReportTaskLocaleTest" package="org.jacoco.ant" skipped="0" tests="4" time="0.002">
      <properties>
[...]
</properties>

      <testcase classname="org.jacoco.ant.ReportTaskLocaleTest" name="testNone" time="0" />

      <testcase classname="org.jacoco.ant.ReportTaskLocaleTest" name="testLanguage" time="0" />

      <testcase classname="org.jacoco.ant.ReportTaskLocaleTest" name="testLanguageCountry" time="0.001" />

      <testcase classname="org.jacoco.ant.ReportTaskLocaleTest" name="testLanguageCountryVariant" time="0" />

  </testsuite>
  <testsuite errors="0" failures="0" id="20" name="ReportTaskTest" package="org.jacoco.ant" skipped="0" tests="32" time="1.695">
      <properties>
[...]
</properties>

      <testcase classname="org.jacoco.ant.ReportTaskTest" name="testReportHtmlWithSourcesDir [src\/org\/jacoco\/ant\/ReportTaskTest.xml]" time="0.322" />

      <testcase classname="org.jacoco.ant.ReportTaskTest" name="testReportHtmlNoDestdirOrDestfile [src\/org\/jacoco\/ant\/ReportTaskTest.xml]" time="0.019" />

      <testcase classname="org.jacoco.ant.ReportTaskTest" name="testReportHtmlTabWidth [src\/org\/jacoco\/ant\/ReportTaskTest.xml]" time="0.092" />

      <testcase classname="org.jacoco.ant.ReportTaskTest" name="testReportNoGroupName [src\/org\/jacoco\/ant\/ReportTaskTest.xml]" time="0.017" />

      <testcase classname="org.jacoco.ant.ReportTaskTest" name="testReportCheckOk [src\/org\/jacoco\/ant\/ReportTaskTest.xml]" time="0.028" />

      <testcase classname="org.jacoco.ant.ReportTaskTest" name="testReportNoStructureName [src\/org\/jacoco\/ant\/ReportTaskTest.xml]" time="0.022" />

      <testcase classname="org.jacoco.ant.ReportTaskTest" name="testReportHtmlWithSources [src\/org\/jacoco\/ant\/ReportTaskTest.xml]" time="0.074" />

      <testcase classname="org.jacoco.ant.ReportTaskTest" name="testReportWithSourceButNoClasses [src\/org\/jacoco\/ant\/ReportTaskTest.xml]" time="0.02" />

      <testcase classname="org.jacoco.ant.ReportTaskTest" name="testReportHtmlWithJAR [src\/org\/jacoco\/ant\/ReportTaskTest.xml]" time="0.078" />

      <testcase classname="org.jacoco.ant.ReportTaskTest" name="testReportHtmlInvalidTabWidth [src\/org\/jacoco\/ant\/ReportTaskTest.xml]" time="0.012" />

      <testcase classname="org.jacoco.ant.ReportTaskTest" name="testReportHtmlWithClassFileSet [src\/org\/jacoco\/ant\/ReportTaskTest.xml]" time="0.046" />

      <testcase classname="org.jacoco.ant.ReportTaskTest" name="testReportXmlInvalidDestfile [src\/org\/jacoco\/ant\/ReportTaskTest.xml]" time="0.011" />

      <testcase classname="org.jacoco.ant.ReportTaskTest" name="testReportHtmlZipFile [src\/org\/jacoco\/ant\/ReportTaskTest.xml]" time="0.07" />

      <testcase classname="org.jacoco.ant.ReportTaskTest" name="testReportHtmlEncoding [src\/org\/jacoco\/ant\/ReportTaskTest.xml]" time="0.025" />

      <testcase classname="org.jacoco.ant.ReportTaskTest" name="testReportWithSourceButNoDebug [src\/org\/jacoco\/ant\/ReportTaskTest.xml]" time="0.074" />

      <testcase classname="org.jacoco.ant.ReportTaskTest" name="testReportHtmlWithSourceEncoding [src\/org\/jacoco\/ant\/ReportTaskTest.xml]" time="0.093" />

      <testcase classname="org.jacoco.ant.ReportTaskTest" name="testReportInvalidExecutionDataFile [src\/org\/jacoco\/ant\/ReportTaskTest.xml]" time="0.009" />

      <testcase classname="org.jacoco.ant.ReportTaskTest" name="testReportCsvNoDestfile [src\/org\/jacoco\/ant\/ReportTaskTest.xml]" time="0.009" />

      <testcase classname="org.jacoco.ant.ReportTaskTest" name="testReportHtmlBothDestdirAndDestfile [src\/org\/jacoco\/ant\/ReportTaskTest.xml]" time="0.009" />

      <testcase classname="org.jacoco.ant.ReportTaskTest" name="testReportWithNoMatch [src\/org\/jacoco\/ant\/ReportTaskTest.xml]" time="0.021" />

      <testcase classname="org.jacoco.ant.ReportTaskTest" name="testReportCheckSetPropertyOnly [src\/org\/jacoco\/ant\/ReportTaskTest.xml]" time="0.025" />

      <testcase classname="org.jacoco.ant.ReportTaskTest" name="testReportHtmlLocale [src\/org\/jacoco\/ant\/ReportTaskTest.xml]" time="0.062" />

      <testcase classname="org.jacoco.ant.ReportTaskTest" name="testReportWithSourceDirButNoDebug [src\/org\/jacoco\/ant\/ReportTaskTest.xml]" time="0.033" />

      <testcase classname="org.jacoco.ant.ReportTaskTest" name="testReportHtmlFooter [src\/org\/jacoco\/ant\/ReportTaskTest.xml]" time="0.015" />

      <testcase classname="org.jacoco.ant.ReportTaskTest" name="testReportHtmlWithPath [src\/org\/jacoco\/ant\/ReportTaskTest.xml]" time="0.04" />

      <testcase classname="org.jacoco.ant.ReportTaskTest" name="testReportWithExecutiondataFiles [src\/org\/jacoco\/ant\/ReportTaskTest.xml]" time="0.004" />

      <testcase classname="org.jacoco.ant.ReportTaskTest" name="testReportHtmlDefaultTabWidth [src\/org\/jacoco\/ant\/ReportTaskTest.xml]" time="0.049" />

      <testcase classname="org.jacoco.ant.ReportTaskTest" name="testReportXmlEncoding [src\/org\/jacoco\/ant\/ReportTaskTest.xml]" time="0.011" />

      <testcase classname="org.jacoco.ant.ReportTaskTest" name="testReportXmlNoDestfile [src\/org\/jacoco\/ant\/ReportTaskTest.xml]" time="0.008" />

      <testcase classname="org.jacoco.ant.ReportTaskTest" name="testReportCsvEncoding [src\/org\/jacoco\/ant\/ReportTaskTest.xml]" time="0.011" />

      <testcase classname="org.jacoco.ant.ReportTaskTest" name="testReportNoStructureElement [src\/org\/jacoco\/ant\/ReportTaskTest.xml]" time="0.007" />

      <testcase classname="org.jacoco.ant.ReportTaskTest" name="testReportCheckFailed [src\/org\/jacoco\/ant\/ReportTaskTest.xml]" time="0.02" />

  </testsuite>
  <testsuite errors="0" failures="0" id="21" name="TestTarget" package="org.jacoco.ant" skipped="0" tests="1" time="0.001">
      <properties>
[...]
</properties>

      <testcase classname="org.jacoco.ant.TestTarget" name="testNothing" time="0.001" />

  </testsuite>
  <testsuite errors="0" failures="0" id="22" name="JaCoCoTest" package="org.jacoco.core" skipped="0" tests="3" time="0.003">
      <properties>
[...]
</properties>

      <testcase classname="org.jacoco.core.JaCoCoTest" name="testVERSION" time="0.003" />

      <testcase classname="org.jacoco.core.JaCoCoTest" name="testHOMEURL" time="0" />

      <testcase classname="org.jacoco.core.JaCoCoTest" name="testRUNTIMEPACKAGE" time="0" />

  </testsuite>
  <testsuite errors="0" failures="0" id="23" name="AnalyzerTest" package="org.jacoco.core.analysis" skipped="0" tests="18" time="0.267">
      <properties>
[...]
</properties>

      <testcase classname="org.jacoco.core.analysis.AnalyzerTest" name="testAnalyzeClassFromStream" time="0.064" />

      <testcase classname="org.jacoco.core.analysis.AnalyzerTest" name="testAnalyzeClassFromByteArray" time="0.012" />

      <testcase classname="org.jacoco.core.analysis.AnalyzerTest" name="testAnalyzeClassIdMatch" time="0.012" />

      <testcase classname="org.jacoco.core.analysis.AnalyzerTest" name="testAnalyzeClassNoIdMatch" time="0.011" />

      <testcase classname="org.jacoco.core.analysis.AnalyzerTest" name="testAnalyzeClass_Broken" time="0.001" />

      <testcase classname="org.jacoco.core.analysis.AnalyzerTest" name="testAnalyzeAll_Class" time="0.013" />

      <testcase classname="org.jacoco.core.analysis.AnalyzerTest" name="testAnalyzeAll_Zip" time="0.016" />

      <testcase classname="org.jacoco.core.analysis.AnalyzerTest" name="testAnalyzeAll_EmptyZipEntry" time="0" />

      <testcase classname="org.jacoco.core.analysis.AnalyzerTest" name="testAnalyzeAll_Broken" time="0" />

      <testcase classname="org.jacoco.core.analysis.AnalyzerTest" name="testAnalyzeAll_BrokenGZ" time="0.001" />

      <testcase classname="org.jacoco.core.analysis.AnalyzerTest" name="testAnalyzeAll_Pack200" time="0.101" />

      <testcase classname="org.jacoco.core.analysis.AnalyzerTest" name="testAnalyzeAll_BrokenPack200" time="0" />

      <testcase classname="org.jacoco.core.analysis.AnalyzerTest" name="testAnalyzeAll_Empty" time="0.001" />

      <testcase classname="org.jacoco.core.analysis.AnalyzerTest" name="testAnalyzeAll_Folder" time="0.006" />

      <testcase classname="org.jacoco.core.analysis.AnalyzerTest" name="testAnalyzeAll_Path" time="0.01" />

      <testcase classname="org.jacoco.core.analysis.AnalyzerTest" name="testAnalyzeAll_BrokenZip" time="0.001" />

      <testcase classname="org.jacoco.core.analysis.AnalyzerTest" name="testAnalyzeAll_BrokenZipEntry" time="0.001" />

      <testcase classname="org.jacoco.core.analysis.AnalyzerTest" name="testAnalyzeAll_BrokenClassFileInZip" time="0.002" />

  </testsuite>
  <testsuite errors="0" failures="0" id="24" name="CounterComparatorTest" package="org.jacoco.core.analysis" skipped="0" tests="9" time="0.021">
      <properties>
[...]
</properties>

      <testcase classname="org.jacoco.core.analysis.CounterComparatorTest" name="testTotalItemsComparator" time="0.007" />

      <testcase classname="org.jacoco.core.analysis.CounterComparatorTest" name="testCoveredItemsComparator" time="0.001" />

      <testcase classname="org.jacoco.core.analysis.CounterComparatorTest" name="testMissedItemsComparator" time="0" />

      <testcase classname="org.jacoco.core.analysis.CounterComparatorTest" name="testCoveredRatioComparator" time="0" />

      <testcase classname="org.jacoco.core.analysis.CounterComparatorTest" name="testMissedRatioComparator" time="0" />

      <testcase classname="org.jacoco.core.analysis.CounterComparatorTest" name="testReverseComparator" time="0" />

      <testcase classname="org.jacoco.core.analysis.CounterComparatorTest" name="testReverseReverseComparator" time="0.001" />

      <testcase classname="org.jacoco.core.analysis.CounterComparatorTest" name="testNodeComparator1" time="0.006" />

      <testcase classname="org.jacoco.core.analysis.CounterComparatorTest" name="testNodeComparator2" time="0" />

  </testsuite>
  <testsuite errors="0" failures="0" id="25" name="CoverageBuilderTest" package="org.jacoco.core.analysis" skipped="0" tests="9" time="0.01">
      <properties>
[...]
</properties>

      <testcase classname="org.jacoco.core.analysis.CoverageBuilderTest" name="testCreateClassMissed" time="0" />

      <testcase classname="org.jacoco.core.analysis.CoverageBuilderTest" name="testCreateClassCovered" time="0.001" />

      <testcase classname="org.jacoco.core.analysis.CoverageBuilderTest" name="testIgnoreClassesWithoutCode" time="0" />

      <testcase classname="org.jacoco.core.analysis.CoverageBuilderTest" name="testDuplicateClassNameDifferent" time="0" />

      <testcase classname="org.jacoco.core.analysis.CoverageBuilderTest" name="testDuplicateClassNameIdentical" time="0" />

      <testcase classname="org.jacoco.core.analysis.CoverageBuilderTest" name="testCreateSourceFile" time="0.001" />

      <testcase classname="org.jacoco.core.analysis.CoverageBuilderTest" name="testCreateSourceFileDuplicateClassNameIdentical" time="0" />

      <testcase classname="org.jacoco.core.analysis.CoverageBuilderTest" name="testGetBundle" time="0.002" />

      <testcase classname="org.jacoco.core.analysis.CoverageBuilderTest" name="testGetNoMatchClasses" time="0.001" />

  </testsuite>
  <testsuite errors="0" failures="0" id="26" name="CoverageNodeImplTest" package="org.jacoco.core.analysis" skipped="0" tests="6" time="0.004">
      <properties>
[...]
</properties>

      <testcase classname="org.jacoco.core.analysis.CoverageNodeImplTest" name="testToString" time="0" />

      <testcase classname="org.jacoco.core.analysis.CoverageNodeImplTest" name="testProperties" time="0" />

      <testcase classname="org.jacoco.core.analysis.CoverageNodeImplTest" name="testInit" time="0.001" />

      <testcase classname="org.jacoco.core.analysis.CoverageNodeImplTest" name="testIncrement" time="0" />

      <testcase classname="org.jacoco.core.analysis.CoverageNodeImplTest" name="testIncrementCollection" time="0.002" />

      <testcase classname="org.jacoco.core.analysis.CoverageNodeImplTest" name="testGetPlainCopy" time="0" />

  </testsuite>
  <testsuite errors="0" failures="0" id="27" name="NodeComparatorTest" package="org.jacoco.core.analysis" skipped="0" tests="3" time="0.002">
      <properties>
[...]
</properties>

      <testcase classname="org.jacoco.core.analysis.NodeComparatorTest" name="testSort" time="0.001" />

      <testcase classname="org.jacoco.core.analysis.NodeComparatorTest" name="testSecond1" time="0.001" />

      <testcase classname="org.jacoco.core.analysis.NodeComparatorTest" name="testSecond2" time="0" />

  </testsuite>
  <testsuite errors="0" failures="0" id="28" name="ExecutionDataReaderWriterTest" package="org.jacoco.core.data" skipped="0" tests="23" time="0.06">
      <properties>
[...]
</properties>

      <testcase classname="org.jacoco.core.data.ExecutionDataReaderWriterTest" name="testEmpty" time="0.009" />

      <testcase classname="org.jacoco.core.data.ExecutionDataReaderWriterTest" name="testFlush" time="0" />

      <testcase classname="org.jacoco.core.data.ExecutionDataReaderWriterTest" name="testCustomBlocks" time="0" />

      <testcase classname="org.jacoco.core.data.ExecutionDataReaderWriterTest" name="testGetFileHeader" time="0" />

      <testcase classname="org.jacoco.core.data.ExecutionDataReaderWriterTest" name="testMultipleHeaders" time="0" />

      <testcase classname="org.jacoco.core.data.ExecutionDataReaderWriterTest" name="testInvalidMagicNumber" time="0" />

      <testcase classname="org.jacoco.core.data.ExecutionDataReaderWriterTest" name="testInvalidVersion" time="0" />

      <testcase classname="org.jacoco.core.data.ExecutionDataReaderWriterTest" name="testMissingHeader" time="0.002" />

      <testcase classname="org.jacoco.core.data.ExecutionDataReaderWriterTest" name="testUnknownBlock" time="0.001" />

      <testcase classname="org.jacoco.core.data.ExecutionDataReaderWriterTest" name="testTruncatedFile" time="0" />

      <testcase classname="org.jacoco.core.data.ExecutionDataReaderWriterTest" name="testEmptyFile" time="0" />

      <testcase classname="org.jacoco.core.data.ExecutionDataReaderWriterTest" name="testNoSessionInfoVisitor" time="0.001" />

      <testcase classname="org.jacoco.core.data.ExecutionDataReaderWriterTest" name="testSessionInfo" time="0" />

      <testcase classname="org.jacoco.core.data.ExecutionDataReaderWriterTest" name="testSessionInfoIOException" time="0" />

      <testcase classname="org.jacoco.core.data.ExecutionDataReaderWriterTest" name="testNoExecutionDataVisitor" time="0.001" />

      <testcase classname="org.jacoco.core.data.ExecutionDataReaderWriterTest" name="testMinClassId" time="0.002" />

      <testcase classname="org.jacoco.core.data.ExecutionDataReaderWriterTest" name="testMaxClassId" time="0" />

      <testcase classname="org.jacoco.core.data.ExecutionDataReaderWriterTest" name="testEmptyClass" time="0.001" />

      <testcase classname="org.jacoco.core.data.ExecutionDataReaderWriterTest" name="testNoHitClass" time="0" />

      <testcase classname="org.jacoco.core.data.ExecutionDataReaderWriterTest" name="testOneClass" time="0" />

      <testcase classname="org.jacoco.core.data.ExecutionDataReaderWriterTest" name="testTwoClasses" time="0.001" />

      <testcase classname="org.jacoco.core.data.ExecutionDataReaderWriterTest" name="testBigClass" time="0.002" />

      <testcase classname="org.jacoco.core.data.ExecutionDataReaderWriterTest" name="testExecutionDataIOException" time="0.001" />

  </testsuite>
  <testsuite errors="0" failures="0" id="29" name="ExecutionDataStoreTest" package="org.jacoco.core.data" skipped="0" tests="15" time="0.013">
      <properties>
[...]
</properties>

      <testcase classname="org.jacoco.core.data.ExecutionDataStoreTest" name="testEmpty" time="0" />

      <testcase classname="org.jacoco.core.data.ExecutionDataStoreTest" name="testPut" time="0.001" />

      <testcase classname="org.jacoco.core.data.ExecutionDataStoreTest" name="testReentrantAccept" time="0.001" />

      <testcase classname="org.jacoco.core.data.ExecutionDataStoreTest" name="testGetContents" time="0" />

      <testcase classname="org.jacoco.core.data.ExecutionDataStoreTest" name="testGetWithoutCreate" time="0.001" />

      <testcase classname="org.jacoco.core.data.ExecutionDataStoreTest" name="testGetWithCreate" time="0" />

      <testcase classname="org.jacoco.core.data.ExecutionDataStoreTest" name="testGetNegative1" time="0.001" />

      <testcase classname="org.jacoco.core.data.ExecutionDataStoreTest" name="testGetNegative2" time="0" />

      <testcase classname="org.jacoco.core.data.ExecutionDataStoreTest" name="testPutNegative" time="0" />

      <testcase classname="org.jacoco.core.data.ExecutionDataStoreTest" name="testMerge" time="0.001" />

      <testcase classname="org.jacoco.core.data.ExecutionDataStoreTest" name="testMergeNegative" time="0" />

      <testcase classname="org.jacoco.core.data.ExecutionDataStoreTest" name="testSubtract" time="0.001" />

      <testcase classname="org.jacoco.core.data.ExecutionDataStoreTest" name="testSubtractOtherId" time="0" />

      <testcase classname="org.jacoco.core.data.ExecutionDataStoreTest" name="testSubtractStore" time="0.001" />

      <testcase classname="org.jacoco.core.data.ExecutionDataStoreTest" name="testReset" time="0" />

  </testsuite>
  <testsuite errors="0" failures="0" id="30" name="ExecutionDataTest" package="org.jacoco.core.data" skipped="0" tests="12" time="0.01">
      <properties>
[...]
</properties>

      <testcase classname="org.jacoco.core.data.ExecutionDataTest" name="testGetters" time="0.001" />

      <testcase classname="org.jacoco.core.data.ExecutionDataTest" name="testToString" time="0" />

      <testcase classname="org.jacoco.core.data.ExecutionDataTest" name="testMerge" time="0" />

      <testcase classname="org.jacoco.core.data.ExecutionDataTest" name="testReset" time="0" />

      <testcase classname="org.jacoco.core.data.ExecutionDataTest" name="testCreateEmpty" time="0" />

      <testcase classname="org.jacoco.core.data.ExecutionDataTest" name="testHasHits" time="0" />

      <testcase classname="org.jacoco.core.data.ExecutionDataTest" name="testHasHits_empty" time="0" />

      <testcase classname="org.jacoco.core.data.ExecutionDataTest" name="testMergeSubtract" time="0.001" />

      <testcase classname="org.jacoco.core.data.ExecutionDataTest" name="testAssertCompatibility" time="0" />

      <testcase classname="org.jacoco.core.data.ExecutionDataTest" name="testAssertCompatibilityNegative1" time="0.001" />

      <testcase classname="org.jacoco.core.data.ExecutionDataTest" name="testAssertCompatibilityNegative2" time="0" />

      <testcase classname="org.jacoco.core.data.ExecutionDataTest" name="testAssertCompatibilityNegative3" time="0" />

  </testsuite>
  <testsuite errors="0" failures="0" id="31" name="IncompatibleExecDataVersionExceptionTest" package="org.jacoco.core.data" skipped="0" tests="3" time="0.003">
      <properties>
[...]
</properties>

      <testcase classname="org.jacoco.core.data.IncompatibleExecDataVersionExceptionTest" name="testGetMessage" time="0" />

      <testcase classname="org.jacoco.core.data.IncompatibleExecDataVersionExceptionTest" name="testGetActualVersion" time="0" />

      <testcase classname="org.jacoco.core.data.IncompatibleExecDataVersionExceptionTest" name="testGetExpectedVersion" time="0.001" />

  </testsuite>
  <testsuite errors="0" failures="0" id="32" name="SessionInfoStoreTest" package="org.jacoco.core.data" skipped="0" tests="6" time="0.005">
      <properties>
[...]
</properties>

      <testcase classname="org.jacoco.core.data.SessionInfoStoreTest" name="testEmpty" time="0" />

      <testcase classname="org.jacoco.core.data.SessionInfoStoreTest" name="testIsEmpty" time="0" />

      <testcase classname="org.jacoco.core.data.SessionInfoStoreTest" name="testGetInfos" time="0" />

      <testcase classname="org.jacoco.core.data.SessionInfoStoreTest" name="testGetMergedEmpty" time="0" />

      <testcase classname="org.jacoco.core.data.SessionInfoStoreTest" name="testGetMerged" time="0" />

      <testcase classname="org.jacoco.core.data.SessionInfoStoreTest" name="testAccept" time="0.001" />

  </testsuite>
  <testsuite errors="0" failures="0" id="33" name="SessionInfoTest" package="org.jacoco.core.data" skipped="0" tests="4" time="0">
      <properties>
[...]
</properties>

      <testcase classname="org.jacoco.core.data.SessionInfoTest" name="testNullId" time="0" />

      <testcase classname="org.jacoco.core.data.SessionInfoTest" name="testGetters" time="0" />

      <testcase classname="org.jacoco.core.data.SessionInfoTest" name="testCompare" time="0" />

      <testcase classname="org.jacoco.core.data.SessionInfoTest" name="testToString" time="0" />

  </testsuite>
  <testsuite errors="0" failures="0" id="34" name="InstrumenterTest" package="org.jacoco.core.instr" skipped="0" tests="11" time="0.081">
      <properties>
[...]
</properties>

      <testcase classname="org.jacoco.core.instr.InstrumenterTest" name="testInstrumentClass" time="0.007" />

      <testcase classname="org.jacoco.core.instr.InstrumenterTest" name="testInstrumentBrokenClass1" time="0" />

      <testcase classname="org.jacoco.core.instr.InstrumenterTest" name="testInstrumentBrokenClass2" time="0" />

      <testcase classname="org.jacoco.core.instr.InstrumenterTest" name="testSerialization" time="0.007" />

      <testcase classname="org.jacoco.core.instr.InstrumenterTest" name="testInstrumentAll_Class" time="0.005" />

      <testcase classname="org.jacoco.core.instr.InstrumenterTest" name="testInstrumentAll_Zip" time="0.007" />

      <testcase classname="org.jacoco.core.instr.InstrumenterTest" name="testInstrumentAll_BrokenClassFileInZip" time="0.001" />

      <testcase classname="org.jacoco.core.instr.InstrumenterTest" name="testInstrumentAll_Pack200" time="0.051" />

      <testcase classname="org.jacoco.core.instr.InstrumenterTest" name="testInstrumentAll_Other" time="0" />

      <testcase classname="org.jacoco.core.instr.InstrumenterTest" name="testInstrumentAll_RemoveSignatures" time="0.001" />

      <testcase classname="org.jacoco.core.instr.InstrumenterTest" name="testInstrumentAll_KeepSignatures" time="0" />

  </testsuite>
  <testsuite errors="0" failures="0" id="35" name="ContentTypeDetectorTest" package="org.jacoco.core.internal" skipped="0" tests="16" time="0.014">
      <properties>
[...]
</properties>

      <testcase classname="org.jacoco.core.internal.ContentTypeDetectorTest" name="testEmptyStream" time="0" />

      <testcase classname="org.jacoco.core.internal.ContentTypeDetectorTest" name="testClassFile" time="0.004" />

      <testcase classname="org.jacoco.core.internal.ContentTypeDetectorTest" name="testClassFile11" time="0" />

      <testcase classname="org.jacoco.core.internal.ContentTypeDetectorTest" name="testClassFile12" time="0" />

      <testcase classname="org.jacoco.core.internal.ContentTypeDetectorTest" name="testClassFile13" time="0" />

      <testcase classname="org.jacoco.core.internal.ContentTypeDetectorTest" name="testClassFile14" time="0" />

      <testcase classname="org.jacoco.core.internal.ContentTypeDetectorTest" name="testClassFile15" time="0.001" />

      <testcase classname="org.jacoco.core.internal.ContentTypeDetectorTest" name="testClassFile16" time="0" />

      <testcase classname="org.jacoco.core.internal.ContentTypeDetectorTest" name="testClassFile17" time="0" />

      <testcase classname="org.jacoco.core.internal.ContentTypeDetectorTest" name="testClassFile18" time="0" />

      <testcase classname="org.jacoco.core.internal.ContentTypeDetectorTest" name="testClassFile19" time="0" />

      <testcase classname="org.jacoco.core.internal.ContentTypeDetectorTest" name="testMachObjectFile" time="0" />

      <testcase classname="org.jacoco.core.internal.ContentTypeDetectorTest" name="testZipFile" time="0.001" />

      <testcase classname="org.jacoco.core.internal.ContentTypeDetectorTest" name="testPack200File" time="0.004" />

      <testcase classname="org.jacoco.core.internal.ContentTypeDetectorTest" name="testGZipFile" time="0" />

      <testcase classname="org.jacoco.core.internal.ContentTypeDetectorTest" name="testStreamWithoutMarkSupport" time="0.001" />

  </testsuite>
  <testsuite errors="0" failures="0" id="36" name="Pack200StreamsTest" package="org.jacoco.core.internal" skipped="0" tests="2" time="0.022">
      <properties>
[...]
</properties>

      <testcase classname="org.jacoco.core.internal.Pack200StreamsTest" name="testPack" time="0.011" />

      <testcase classname="org.jacoco.core.internal.Pack200StreamsTest" name="testUnpack" time="0.011" />

  </testsuite>
  <testsuite errors="0" failures="0" id="37" name="BundleCoverageImplTest" package="org.jacoco.core.internal.analysis" skipped="0" tests="3" time="0.003">
      <properties>
[...]
</properties>

      <testcase classname="org.jacoco.core.internal.analysis.BundleCoverageImplTest" name="testProperties" time="0" />

      <testcase classname="org.jacoco.core.internal.analysis.BundleCoverageImplTest" name="testCounters" time="0.001" />

      <testcase classname="org.jacoco.core.internal.analysis.BundleCoverageImplTest" name="testGroupByPackage" time="0.001" />

  </testsuite>
  <testsuite errors="0" failures="0" id="38" name="ClassAnalyzerTest" package="org.jacoco.core.internal.analysis" skipped="0" tests="6" time="0.003">
      <properties>
[...]
</properties>

      <testcase classname="org.jacoco.core.internal.analysis.ClassAnalyzerTest" name="testAnalyzeInstrumentedClass1" time="0.001" />

      <testcase classname="org.jacoco.core.internal.analysis.ClassAnalyzerTest" name="testAnalyzeInstrumentedClass2" time="0" />

      <testcase classname="org.jacoco.core.internal.analysis.ClassAnalyzerTest" name="testMethodFilter_Empty" time="0" />

      <testcase classname="org.jacoco.core.internal.analysis.ClassAnalyzerTest" name="testMethodFilter_NonSynthetic" time="0.001" />

      <testcase classname="org.jacoco.core.internal.analysis.ClassAnalyzerTest" name="testMethodFilter_Synthetic" time="0" />

      <testcase classname="org.jacoco.core.internal.analysis.ClassAnalyzerTest" name="testMethodFilter_Lambda" time="0" />

  </testsuite>
  <testsuite errors="0" failures="0" id="39" name="ClassCoverageImplTest" package="org.jacoco.core.internal.analysis" skipped="0" tests="11" time="0.005">
      <properties>
[...]
</properties>

      <testcase classname="org.jacoco.core.internal.analysis.ClassCoverageImplTest" name="testEmptyClass" time="0" />

      <testcase classname="org.jacoco.core.internal.analysis.ClassCoverageImplTest" name="testDefaults" time="0" />

      <testcase classname="org.jacoco.core.internal.analysis.ClassCoverageImplTest" name="testSignature" time="0" />

      <testcase classname="org.jacoco.core.internal.analysis.ClassCoverageImplTest" name="testSuperName" time="0" />

      <testcase classname="org.jacoco.core.internal.analysis.ClassCoverageImplTest" name="testInterfaces" time="0.001" />

      <testcase classname="org.jacoco.core.internal.analysis.ClassCoverageImplTest" name="testSourceFileName" time="0" />

      <testcase classname="org.jacoco.core.internal.analysis.ClassCoverageImplTest" name="testNoMatch" time="0" />

      <testcase classname="org.jacoco.core.internal.analysis.ClassCoverageImplTest" name="testGetPackageName1" time="0" />

      <testcase classname="org.jacoco.core.internal.analysis.ClassCoverageImplTest" name="testGetPackageName2" time="0" />

      <testcase classname="org.jacoco.core.internal.analysis.ClassCoverageImplTest" name="testAddMethodMissed" time="0" />

      <testcase classname="org.jacoco.core.internal.analysis.ClassCoverageImplTest" name="testAddMethodCovered" time="0.001" />

  </testsuite>
  <testsuite errors="0" failures="0" id="40" name="CounterImplTest" package="org.jacoco.core.internal.analysis" skipped="0" tests="25" time="0.009">
      <properties>
[...]
</properties>

      <testcase classname="org.jacoco.core.internal.analysis.CounterImplTest" name="testToString" time="0" />

      <testcase classname="org.jacoco.core.internal.analysis.CounterImplTest" name="testGetInstance1" time="0" />

      <testcase classname="org.jacoco.core.internal.analysis.CounterImplTest" name="testGetInstance2" time="0" />

      <testcase classname="org.jacoco.core.internal.analysis.CounterImplTest" name="testGetInstance3" time="0" />

      <testcase classname="org.jacoco.core.internal.analysis.CounterImplTest" name="testFixInstance" time="0.001" />

      <testcase classname="org.jacoco.core.internal.analysis.CounterImplTest" name="testVarInstance" time="0" />

      <testcase classname="org.jacoco.core.internal.analysis.CounterImplTest" name="testIncrement1" time="0" />

      <testcase classname="org.jacoco.core.internal.analysis.CounterImplTest" name="testIncrement2" time="0" />

      <testcase classname="org.jacoco.core.internal.analysis.CounterImplTest" name="testGetCoveredRatio1" time="0" />

      <testcase classname="org.jacoco.core.internal.analysis.CounterImplTest" name="testGetCoveredRatio2" time="0" />

      <testcase classname="org.jacoco.core.internal.analysis.CounterImplTest" name="testGetCoveredRatio3" time="0.001" />

      <testcase classname="org.jacoco.core.internal.analysis.CounterImplTest" name="testGetMissedRatio1" time="0" />

      <testcase classname="org.jacoco.core.internal.analysis.CounterImplTest" name="testGetMissedRatio2" time="0" />

      <testcase classname="org.jacoco.core.internal.analysis.CounterImplTest" name="testGetMissedRatio3" time="0" />

      <testcase classname="org.jacoco.core.internal.analysis.CounterImplTest" name="testGetMissedStatus1" time="0" />

      <testcase classname="org.jacoco.core.internal.analysis.CounterImplTest" name="testGetMissedStatus2" time="0.001" />

      <testcase classname="org.jacoco.core.internal.analysis.CounterImplTest" name="testGetMissedStatus3" time="0" />

      <testcase classname="org.jacoco.core.internal.analysis.CounterImplTest" name="testGetMissedStatus4" time="0" />

      <testcase classname="org.jacoco.core.internal.analysis.CounterImplTest" name="testEquals1" time="0" />

      <testcase classname="org.jacoco.core.internal.analysis.CounterImplTest" name="testEquals2" time="0.001" />

      <testcase classname="org.jacoco.core.internal.analysis.CounterImplTest" name="testEquals3" time="0" />

      <testcase classname="org.jacoco.core.internal.analysis.CounterImplTest" name="testEquals4" time="0" />

      <testcase classname="org.jacoco.core.internal.analysis.CounterImplTest" name="testHashCode1" time="0" />

      <testcase classname="org.jacoco.core.internal.analysis.CounterImplTest" name="testHashCode2" time="0" />

      <testcase classname="org.jacoco.core.internal.analysis.CounterImplTest" name="testHashCode3" time="0" />

  </testsuite>
  <testsuite errors="0" failures="0" id="41" name="LineImplTest" package="org.jacoco.core.internal.analysis" skipped="0" tests="17" time="0.007">
      <properties>
[...]
</properties>

      <testcase classname="org.jacoco.core.internal.analysis.LineImplTest" name="testHashCode" time="0" />

      <testcase classname="org.jacoco.core.internal.analysis.LineImplTest" name="testIncrement1" time="0" />

      <testcase classname="org.jacoco.core.internal.analysis.LineImplTest" name="testIncrement2" time="0.001" />

      <testcase classname="org.jacoco.core.internal.analysis.LineImplTest" name="testEquals1" time="0" />

      <testcase classname="org.jacoco.core.internal.analysis.LineImplTest" name="testEquals2" time="0" />

      <testcase classname="org.jacoco.core.internal.analysis.LineImplTest" name="testEquals3" time="0" />

      <testcase classname="org.jacoco.core.internal.analysis.LineImplTest" name="testEquals4" time="0" />

      <testcase classname="org.jacoco.core.internal.analysis.LineImplTest" name="testEMPTY" time="0" />

      <testcase classname="org.jacoco.core.internal.analysis.LineImplTest" name="testIncrement3" time="0.001" />

      <testcase classname="org.jacoco.core.internal.analysis.LineImplTest" name="testIncrement4" time="0" />

      <testcase classname="org.jacoco.core.internal.analysis.LineImplTest" name="testIncrement5" time="0" />

      <testcase classname="org.jacoco.core.internal.analysis.LineImplTest" name="testGetStatus1" time="0" />

      <testcase classname="org.jacoco.core.internal.analysis.LineImplTest" name="testGetStatus2" time="0" />

      <testcase classname="org.jacoco.core.internal.analysis.LineImplTest" name="testGetStatus3" time="0" />

      <testcase classname="org.jacoco.core.internal.analysis.LineImplTest" name="testGetStatus4" time="0.001" />

      <testcase classname="org.jacoco.core.internal.analysis.LineImplTest" name="testGetStatus5" time="0" />

      <testcase classname="org.jacoco.core.internal.analysis.LineImplTest" name="testGetStatus6" time="0" />

  </testsuite>
  <testsuite errors="0" failures="0" id="42" name="MethodAnalyzerTest" package="org.jacoco.core.internal.analysis" skipped="0" tests="27" time="0.018">
      <properties>
[...]
</properties>

      <testcase classname="org.jacoco.core.internal.analysis.MethodAnalyzerTest" name="testLinearSequenceNotCovered1" time="0.002" />

      <testcase classname="org.jacoco.core.internal.analysis.MethodAnalyzerTest" name="testLinearSequenceNotCovered2" time="0.001" />

      <testcase classname="org.jacoco.core.internal.analysis.MethodAnalyzerTest" name="testLinearSequenceCovered" time="0" />

      <testcase classname="org.jacoco.core.internal.analysis.MethodAnalyzerTest" name="testIfBranchNotCovered" time="0.001" />

      <testcase classname="org.jacoco.core.internal.analysis.MethodAnalyzerTest" name="testIfBranchCovered1" time="0" />

      <testcase classname="org.jacoco.core.internal.analysis.MethodAnalyzerTest" name="testIfBranchCovered2" time="0" />

      <testcase classname="org.jacoco.core.internal.analysis.MethodAnalyzerTest" name="testIfBranchCovered3" time="0" />

      <testcase classname="org.jacoco.core.internal.analysis.MethodAnalyzerTest" name="testIfBranchMergeNotCovered" time="0" />

      <testcase classname="org.jacoco.core.internal.analysis.MethodAnalyzerTest" name="testIfBranchMergeCovered1" time="0" />

      <testcase classname="org.jacoco.core.internal.analysis.MethodAnalyzerTest" name="testIfBranchMergeCovered2" time="0" />

      <testcase classname="org.jacoco.core.internal.analysis.MethodAnalyzerTest" name="testIfBranchMergeCovered3" time="0" />

      <testcase classname="org.jacoco.core.internal.analysis.MethodAnalyzerTest" name="testJumpBackwardsNotCovered" time="0" />

      <testcase classname="org.jacoco.core.internal.analysis.MethodAnalyzerTest" name="testJumpBackwardsCovered" time="0" />

      <testcase classname="org.jacoco.core.internal.analysis.MethodAnalyzerTest" name="testJumpToFirstNotCovered" time="0" />

      <testcase classname="org.jacoco.core.internal.analysis.MethodAnalyzerTest" name="testJumpToFirstCovered1" time="0" />

      <testcase classname="org.jacoco.core.internal.analysis.MethodAnalyzerTest" name="testJumpToFirstCovered2" time="0.001" />

      <testcase classname="org.jacoco.core.internal.analysis.MethodAnalyzerTest" name="testTableSwitchNotCovered" time="0.001" />

      <testcase classname="org.jacoco.core.internal.analysis.MethodAnalyzerTest" name="testTableSwitchCovered1" time="0" />

      <testcase classname="org.jacoco.core.internal.analysis.MethodAnalyzerTest" name="testTableSwitchCovered2" time="0" />

      <testcase classname="org.jacoco.core.internal.analysis.MethodAnalyzerTest" name="testTableSwitchCovered3" time="0.001" />

      <testcase classname="org.jacoco.core.internal.analysis.MethodAnalyzerTest" name="testTableSwitchMergeNotCovered" time="0" />

      <testcase classname="org.jacoco.core.internal.analysis.MethodAnalyzerTest" name="testTableSwitchMergeNotCovered1" time="0" />

      <testcase classname="org.jacoco.core.internal.analysis.MethodAnalyzerTest" name="testTableSwitchMergeNotCovered2" time="0.001" />

      <testcase classname="org.jacoco.core.internal.analysis.MethodAnalyzerTest" name="testTableSwitchMergeNotCovered3" time="0" />

      <testcase classname="org.jacoco.core.internal.analysis.MethodAnalyzerTest" name="testTableSwitchMergeNotCovered4" time="0" />

      <testcase classname="org.jacoco.core.internal.analysis.MethodAnalyzerTest" name="testTryCatchBlockNotCovered" time="0.001" />

      <testcase classname="org.jacoco.core.internal.analysis.MethodAnalyzerTest" name="testTryCatchBlockFullyCovered" time="0" />

  </testsuite>
  <testsuite errors="0" failures="0" id="43" name="MethodCoverageImplTest" package="org.jacoco.core.internal.analysis" skipped="0" tests="12" time="0.005">
      <properties>
[...]
</properties>

      <testcase classname="org.jacoco.core.internal.analysis.MethodCoverageImplTest" name="testProperties" time="0" />

      <testcase classname="org.jacoco.core.internal.analysis.MethodCoverageImplTest" name="testEmptyMethod" time="0.001" />

      <testcase classname="org.jacoco.core.internal.analysis.MethodCoverageImplTest" name="testIncrementMissedInstructions" time="0" />

      <testcase classname="org.jacoco.core.internal.analysis.MethodCoverageImplTest" name="testIncrementCoveredInstructions" time="0" />

      <testcase classname="org.jacoco.core.internal.analysis.MethodCoverageImplTest" name="testIncrementComplexity1" time="0" />

      <testcase classname="org.jacoco.core.internal.analysis.MethodCoverageImplTest" name="testIncrementComplexity2" time="0" />

      <testcase classname="org.jacoco.core.internal.analysis.MethodCoverageImplTest" name="testIncrementComplexity3" time="0" />

      <testcase classname="org.jacoco.core.internal.analysis.MethodCoverageImplTest" name="testIncrementComplexity4" time="0" />

      <testcase classname="org.jacoco.core.internal.analysis.MethodCoverageImplTest" name="testIncrementComplexity5" time="0" />

      <testcase classname="org.jacoco.core.internal.analysis.MethodCoverageImplTest" name="testIncrementComplexity6" time="0" />

      <testcase classname="org.jacoco.core.internal.analysis.MethodCoverageImplTest" name="testIncrementComplexity7" time="0" />

      <testcase classname="org.jacoco.core.internal.analysis.MethodCoverageImplTest" name="testIncrementComplexity8" time="0" />

  </testsuite>
  <testsuite errors="0" failures="0" id="44" name="PackageCoverageTest" package="org.jacoco.core.internal.analysis" skipped="0" tests="3" time="0.002">
      <properties>
[...]
</properties>

      <testcase classname="org.jacoco.core.internal.analysis.PackageCoverageTest" name="testProperties" time="0" />

      <testcase classname="org.jacoco.core.internal.analysis.PackageCoverageTest" name="testCountersWithSources" time="0" />

      <testcase classname="org.jacoco.core.internal.analysis.PackageCoverageTest" name="testCountersWithoutSources" time="0" />

  </testsuite>
  <testsuite errors="0" failures="0" id="45" name="SourceFileCoverageImplTest" package="org.jacoco.core.internal.analysis" skipped="0" tests="1" time="0.001">
      <properties>
[...]
</properties>

      <testcase classname="org.jacoco.core.internal.analysis.SourceFileCoverageImplTest" name="testProperties" time="0.001" />

  </testsuite>
  <testsuite errors="0" failures="0" id="46" name="SourceNodeImplTest" package="org.jacoco.core.internal.analysis" skipped="0" tests="24" time="0.01">
      <properties>
[...]
</properties>

      <testcase classname="org.jacoco.core.internal.analysis.SourceNodeImplTest" name="testInit" time="0.001" />

      <testcase classname="org.jacoco.core.internal.analysis.SourceNodeImplTest" name="testGetLine" time="0" />

      <testcase classname="org.jacoco.core.internal.analysis.SourceNodeImplTest" name="testEnsureCapacityUnknown1" time="0" />

      <testcase classname="org.jacoco.core.internal.analysis.SourceNodeImplTest" name="testEnsureCapacityUnknown2" time="0" />

      <testcase classname="org.jacoco.core.internal.analysis.SourceNodeImplTest" name="testIncrementLineUnknown" time="0" />

      <testcase classname="org.jacoco.core.internal.analysis.SourceNodeImplTest" name="testIncrementLines" time="0.001" />

      <testcase classname="org.jacoco.core.internal.analysis.SourceNodeImplTest" name="testIncrementLine1_1" time="0" />

      <testcase classname="org.jacoco.core.internal.analysis.SourceNodeImplTest" name="testIncrementLine1_2" time="0" />

      <testcase classname="org.jacoco.core.internal.analysis.SourceNodeImplTest" name="testIncrementLine1_3" time="0" />

      <testcase classname="org.jacoco.core.internal.analysis.SourceNodeImplTest" name="testIncrementLine1_4" time="0" />

      <testcase classname="org.jacoco.core.internal.analysis.SourceNodeImplTest" name="testIncrementLine2_1" time="0.001" />

      <testcase classname="org.jacoco.core.internal.analysis.SourceNodeImplTest" name="testIncrementLine2_2" time="0" />

      <testcase classname="org.jacoco.core.internal.analysis.SourceNodeImplTest" name="testIncrementLine2_3" time="0" />

      <testcase classname="org.jacoco.core.internal.analysis.SourceNodeImplTest" name="testIncrementLine2_4" time="0" />

      <testcase classname="org.jacoco.core.internal.analysis.SourceNodeImplTest" name="testIncrementLine3_1" time="0" />

      <testcase classname="org.jacoco.core.internal.analysis.SourceNodeImplTest" name="testIncrementLine3_2" time="0.001" />

      <testcase classname="org.jacoco.core.internal.analysis.SourceNodeImplTest" name="testIncrementLine3_3" time="0" />

      <testcase classname="org.jacoco.core.internal.analysis.SourceNodeImplTest" name="testIncrementLine3_4" time="0" />

      <testcase classname="org.jacoco.core.internal.analysis.SourceNodeImplTest" name="testIncrementLine4_1" time="0" />

      <testcase classname="org.jacoco.core.internal.analysis.SourceNodeImplTest" name="testIncrementLine4_2" time="0.001" />

      <testcase classname="org.jacoco.core.internal.analysis.SourceNodeImplTest" name="testIncrementLine4_3" time="0" />

      <testcase classname="org.jacoco.core.internal.analysis.SourceNodeImplTest" name="testIncrementLine4_4" time="0" />

      <testcase classname="org.jacoco.core.internal.analysis.SourceNodeImplTest" name="testIncrementChildNoLines" time="0.001" />

      <testcase classname="org.jacoco.core.internal.analysis.SourceNodeImplTest" name="testIncrementChildWithLines" time="0" />

  </testsuite>
  <testsuite errors="0" failures="0" id="47" name="StringPoolTest" package="org.jacoco.core.internal.analysis" skipped="0" tests="5" time="0.003">
      <properties>
[...]
</properties>

      <testcase classname="org.jacoco.core.internal.analysis.StringPoolTest" name="testGetStringNull" time="0.001" />

      <testcase classname="org.jacoco.core.internal.analysis.StringPoolTest" name="testGetString" time="0" />

      <testcase classname="org.jacoco.core.internal.analysis.StringPoolTest" name="testGetArrayNull" time="0" />

      <testcase classname="org.jacoco.core.internal.analysis.StringPoolTest" name="testGetEmptyArray" time="0" />

      <testcase classname="org.jacoco.core.internal.analysis.StringPoolTest" name="testGetArray" time="0" />

  </testsuite>
  <testsuite errors="0" failures="0" id="48" name="CRC64Test" package="org.jacoco.core.internal.data" skipped="0" tests="4" time="0.002">
      <properties>
[...]
</properties>

      <testcase classname="org.jacoco.core.internal.data.CRC64Test" name="test0" time="0" />

      <testcase classname="org.jacoco.core.internal.data.CRC64Test" name="test1" time="0.001" />

      <testcase classname="org.jacoco.core.internal.data.CRC64Test" name="test2" time="0" />

      <testcase classname="org.jacoco.core.internal.data.CRC64Test" name="test3" time="0" />

  </testsuite>
  <testsuite errors="0" failures="0" id="49" name="CompactDataInputOutputTest" package="org.jacoco.core.internal.data" skipped="0" tests="12" time="0.006">
      <properties>
[...]
</properties>

      <testcase classname="org.jacoco.core.internal.data.CompactDataInputOutputTest" name="testVarInt0x00000000" time="0" />

      <testcase classname="org.jacoco.core.internal.data.CompactDataInputOutputTest" name="testVarInt0x0000007F" time="0.001" />

      <testcase classname="org.jacoco.core.internal.data.CompactDataInputOutputTest" name="testVarInt0x00000080" time="0" />

      <testcase classname="org.jacoco.core.internal.data.CompactDataInputOutputTest" name="testVarInt0x00000100" time="0" />

      <testcase classname="org.jacoco.core.internal.data.CompactDataInputOutputTest" name="testVarInt0x12345678" time="0" />

      <testcase classname="org.jacoco.core.internal.data.CompactDataInputOutputTest" name="testVarIntMinus1" time="0" />

      <testcase classname="org.jacoco.core.internal.data.CompactDataInputOutputTest" name="testVarIntMinValue" time="0" />

      <testcase classname="org.jacoco.core.internal.data.CompactDataInputOutputTest" name="testVarIntMaxValue" time="0" />

      <testcase classname="org.jacoco.core.internal.data.CompactDataInputOutputTest" name="testPackedBooleanEmpty" time="0" />

      <testcase classname="org.jacoco.core.internal.data.CompactDataInputOutputTest" name="testPackedBoolean3" time="0" />

      <testcase classname="org.jacoco.core.internal.data.CompactDataInputOutputTest" name="testPackedBoolean8" time="0" />

      <testcase classname="org.jacoco.core.internal.data.CompactDataInputOutputTest" name="testPackedBoolean9" time="0" />

  </testsuite>
  <testsuite errors="0" failures="0" id="50" name="ClassProbesAdapterTest" package="org.jacoco.core.internal.flow" skipped="0" tests="5" time="0.003">
      <properties>
[...]
</properties>

      <testcase classname="org.jacoco.core.internal.flow.ClassProbesAdapterTest" name="testProbeCounter" time="0" />

      <testcase classname="org.jacoco.core.internal.flow.ClassProbesAdapterTest" name="testVisitClassMethods" time="0.001" />

      <testcase classname="org.jacoco.core.internal.flow.ClassProbesAdapterTest" name="testVisitMethodNullMethodVisitor" time="0.001" />

      <testcase classname="org.jacoco.core.internal.flow.ClassProbesAdapterTest" name="testVisitWithFrames" time="0" />

      <testcase classname="org.jacoco.core.internal.flow.ClassProbesAdapterTest" name="testVisitWithoutFrames" time="0" />

  </testsuite>
  <testsuite errors="0" failures="0" id="51" name="FrameSnapshotTest" package="org.jacoco.core.internal.flow" skipped="0" tests="5" time="0.001">
      <properties>
[...]
</properties>

      <testcase classname="org.jacoco.core.internal.flow.FrameSnapshotTest" name="testNullAnalyzer" time="0.001" />

      <testcase classname="org.jacoco.core.internal.flow.FrameSnapshotTest" name="testNoFrame" time="0" />

      <testcase classname="org.jacoco.core.internal.flow.FrameSnapshotTest" name="testFrame" time="0" />

      <testcase classname="org.jacoco.core.internal.flow.FrameSnapshotTest" name="testReduce" time="0" />

      <testcase classname="org.jacoco.core.internal.flow.FrameSnapshotTest" name="testPop" time="0" />

  </testsuite>
  <testsuite errors="0" failures="0" id="52" name="InstructionTest" package="org.jacoco.core.internal.flow" skipped="0" tests="5" time="0.029">
      <properties>
[...]
</properties>

      <testcase classname="org.jacoco.core.internal.flow.InstructionTest" name="testInit" time="0" />

      <testcase classname="org.jacoco.core.internal.flow.InstructionTest" name="testAddBranch" time="0" />

      <testcase classname="org.jacoco.core.internal.flow.InstructionTest" name="testSetPredecessor" time="0" />

      <testcase classname="org.jacoco.core.internal.flow.InstructionTest" name="testSetCovered" time="0" />

      <testcase classname="org.jacoco.core.internal.flow.InstructionTest" name="testSetCoveredOnLongSequence" time="0.027" />

  </testsuite>
  <testsuite errors="0" failures="0" id="53" name="LabelFlowAnalyzerTest" package="org.jacoco.core.internal.flow" skipped="0" tests="29" time="0.009">
      <properties>
[...]
</properties>

      <testcase classname="org.jacoco.core.internal.flow.LabelFlowAnalyzerTest" name="testInit" time="0" />

      <testcase classname="org.jacoco.core.internal.flow.LabelFlowAnalyzerTest" name="testInsn" time="0" />

      <testcase classname="org.jacoco.core.internal.flow.LabelFlowAnalyzerTest" name="testIntInsn" time="0" />

      <testcase classname="org.jacoco.core.internal.flow.LabelFlowAnalyzerTest" name="testVarInsn" time="0" />

      <testcase classname="org.jacoco.core.internal.flow.LabelFlowAnalyzerTest" name="testTypeInsn" time="0" />

      <testcase classname="org.jacoco.core.internal.flow.LabelFlowAnalyzerTest" name="testFieldInsn" time="0" />

      <testcase classname="org.jacoco.core.internal.flow.LabelFlowAnalyzerTest" name="testMethodInsn" time="0" />

      <testcase classname="org.jacoco.core.internal.flow.LabelFlowAnalyzerTest" name="testInvokeDynamicInsn" time="0" />

      <testcase classname="org.jacoco.core.internal.flow.LabelFlowAnalyzerTest" name="testJumpInsn" time="0" />

      <testcase classname="org.jacoco.core.internal.flow.LabelFlowAnalyzerTest" name="testLdcInsn" time="0" />

      <testcase classname="org.jacoco.core.internal.flow.LabelFlowAnalyzerTest" name="testIincInsn" time="0.001" />

      <testcase classname="org.jacoco.core.internal.flow.LabelFlowAnalyzerTest" name="testTableSwitchInsn" time="0" />

      <testcase classname="org.jacoco.core.internal.flow.LabelFlowAnalyzerTest" name="testLookupSwitchInsn" time="0" />

      <testcase classname="org.jacoco.core.internal.flow.LabelFlowAnalyzerTest" name="testMultiANewArrayInsn" time="0" />

      <testcase classname="org.jacoco.core.internal.flow.LabelFlowAnalyzerTest" name="testFlowScenario01" time="0" />

      <testcase classname="org.jacoco.core.internal.flow.LabelFlowAnalyzerTest" name="testFlowScenario02" time="0.001" />

      <testcase classname="org.jacoco.core.internal.flow.LabelFlowAnalyzerTest" name="testFlowScenario03" time="0" />

      <testcase classname="org.jacoco.core.internal.flow.LabelFlowAnalyzerTest" name="testFlowScenario04" time="0" />

      <testcase classname="org.jacoco.core.internal.flow.LabelFlowAnalyzerTest" name="testFlowScenario05" time="0" />

      <testcase classname="org.jacoco.core.internal.flow.LabelFlowAnalyzerTest" name="testFlowScenario06" time="0" />

      <testcase classname="org.jacoco.core.internal.flow.LabelFlowAnalyzerTest" name="testFlowScenario07" time="0" />

      <testcase classname="org.jacoco.core.internal.flow.LabelFlowAnalyzerTest" name="testFlowScenario08" time="0" />

      <testcase classname="org.jacoco.core.internal.flow.LabelFlowAnalyzerTest" name="testFlowScenario09" time="0" />

      <testcase classname="org.jacoco.core.internal.flow.LabelFlowAnalyzerTest" name="testFlowScenario10" time="0" />

      <testcase classname="org.jacoco.core.internal.flow.LabelFlowAnalyzerTest" name="testFlowScenario11" time="0" />

      <testcase classname="org.jacoco.core.internal.flow.LabelFlowAnalyzerTest" name="testFlowScenario12" time="0" />

      <testcase classname="org.jacoco.core.internal.flow.LabelFlowAnalyzerTest" name="testVisitInsnNegative" time="0.001" />

      <testcase classname="org.jacoco.core.internal.flow.LabelFlowAnalyzerTest" name="testLineNumber" time="0" />

      <testcase classname="org.jacoco.core.internal.flow.LabelFlowAnalyzerTest" name="testVisitJumpInsnNegative" time="0" />

  </testsuite>
  <testsuite errors="0" failures="0" id="54" name="LabelInfoTest" package="org.jacoco.core.internal.flow" skipped="0" tests="13" time="0.002">
      <properties>
[...]
</properties>

      <testcase classname="org.jacoco.core.internal.flow.LabelInfoTest" name="testDefaults" time="0" />

      <testcase classname="org.jacoco.core.internal.flow.LabelInfoTest" name="testOtherInfoObject" time="0" />

      <testcase classname="org.jacoco.core.internal.flow.LabelInfoTest" name="testSuccessor" time="0" />

      <testcase classname="org.jacoco.core.internal.flow.LabelInfoTest" name="testMultiTarget1" time="0" />

      <testcase classname="org.jacoco.core.internal.flow.LabelInfoTest" name="testMultiTarget2" time="0" />

      <testcase classname="org.jacoco.core.internal.flow.LabelInfoTest" name="testMultiTarget3" time="0" />

      <testcase classname="org.jacoco.core.internal.flow.LabelInfoTest" name="testMethodInvocationLine" time="0" />

      <testcase classname="org.jacoco.core.internal.flow.LabelInfoTest" name="testNeedsProbe" time="0" />

      <testcase classname="org.jacoco.core.internal.flow.LabelInfoTest" name="testSetResetDone1" time="0" />

      <testcase classname="org.jacoco.core.internal.flow.LabelInfoTest" name="testSetResetDone2" time="0" />

      <testcase classname="org.jacoco.core.internal.flow.LabelInfoTest" name="testSetProbeId" time="0" />

      <testcase classname="org.jacoco.core.internal.flow.LabelInfoTest" name="testSetIntermediateLabel" time="0" />

      <testcase classname="org.jacoco.core.internal.flow.LabelInfoTest" name="testSetInstruction" time="0.001" />

  </testsuite>
  <testsuite errors="0" failures="0" id="55" name="MethodProbesAdapterTest" package="org.jacoco.core.internal.flow" skipped="0" tests="18" time="0.008">
      <properties>
[...]
</properties>

      <testcase classname="org.jacoco.core.internal.flow.MethodProbesAdapterTest" name="testVisitProbe1" time="0.002" />

      <testcase classname="org.jacoco.core.internal.flow.MethodProbesAdapterTest" name="testVisitProbe2" time="0" />

      <testcase classname="org.jacoco.core.internal.flow.MethodProbesAdapterTest" name="testVisitProbe3" time="0" />

      <testcase classname="org.jacoco.core.internal.flow.MethodProbesAdapterTest" name="testVisitInsn1" time="0" />

      <testcase classname="org.jacoco.core.internal.flow.MethodProbesAdapterTest" name="testVisitInsn2" time="0" />

      <testcase classname="org.jacoco.core.internal.flow.MethodProbesAdapterTest" name="testVisitJumpInsn1" time="0.001" />

      <testcase classname="org.jacoco.core.internal.flow.MethodProbesAdapterTest" name="testVisitJumpInsn2" time="0" />

      <testcase classname="org.jacoco.core.internal.flow.MethodProbesAdapterTest" name="testVisitJumpInsn3" time="0" />

      <testcase classname="org.jacoco.core.internal.flow.MethodProbesAdapterTest" name="testVisitJumpInsn4" time="0" />

      <testcase classname="org.jacoco.core.internal.flow.MethodProbesAdapterTest" name="testVisitLookupSwitchInsn1" time="0.001" />

      <testcase classname="org.jacoco.core.internal.flow.MethodProbesAdapterTest" name="testVisitLookupSwitchInsn2" time="0" />

      <testcase classname="org.jacoco.core.internal.flow.MethodProbesAdapterTest" name="testVisitLookupSwitchInsn3" time="0" />

      <testcase classname="org.jacoco.core.internal.flow.MethodProbesAdapterTest" name="testVisitTableSwitchInsn1" time="0" />

      <testcase classname="org.jacoco.core.internal.flow.MethodProbesAdapterTest" name="testVisitTableSwitchInsn2" time="0" />

      <testcase classname="org.jacoco.core.internal.flow.MethodProbesAdapterTest" name="testVisitTableSwitchInsn3" time="0" />

      <testcase classname="org.jacoco.core.internal.flow.MethodProbesAdapterTest" name="testVisitTryCatchBlockNoProbe" time="0.001" />

      <testcase classname="org.jacoco.core.internal.flow.MethodProbesAdapterTest" name="testVisitTryCatchBlockWithProbe" time="0" />

      <testcase classname="org.jacoco.core.internal.flow.MethodProbesAdapterTest" name="testVisitMultipleTryCatchBlocksWithProbe" time="0" />

  </testsuite>
  <testsuite errors="0" failures="0" id="56" name="MethodSanitizerTest" package="org.jacoco.core.internal.flow" skipped="0" tests="5" time="0.002">
      <properties>
[...]
</properties>

      <testcase classname="org.jacoco.core.internal.flow.MethodSanitizerTest" name="testLocalVariablePositive" time="0.001" />

      <testcase classname="org.jacoco.core.internal.flow.MethodSanitizerTest" name="testLocalVariableNegative1" time="0" />

      <testcase classname="org.jacoco.core.internal.flow.MethodSanitizerTest" name="testLocalVariableNegative2" time="0" />

      <testcase classname="org.jacoco.core.internal.flow.MethodSanitizerTest" name="testLineNumberPositive" time="0" />

      <testcase classname="org.jacoco.core.internal.flow.MethodSanitizerTest" name="testLineNumberNegative" time="0.001" />

  </testsuite>
  <testsuite errors="0" failures="0" id="57" name="ClassInstrumenterTest" package="org.jacoco.core.internal.instr" skipped="0" tests="3" time="0.002">
      <properties>
[...]
</properties>

      <testcase classname="org.jacoco.core.internal.instr.ClassInstrumenterTest" name="testInstrumentInstrumentedClass1" time="0" />

      <testcase classname="org.jacoco.core.internal.instr.ClassInstrumenterTest" name="testInstrumentInstrumentedClass2" time="0" />

      <testcase classname="org.jacoco.core.internal.instr.ClassInstrumenterTest" name="testNoMethodVisitor" time="0.001" />

  </testsuite>
  <testsuite errors="0" failures="0" id="58" name="DuplicateFrameEliminatorTest" package="org.jacoco.core.internal.instr" skipped="0" tests="14" time="0.005">
      <properties>
[...]
</properties>

      <testcase classname="org.jacoco.core.internal.instr.DuplicateFrameEliminatorTest" name="testDuplicateFrame" time="0.001" />

      <testcase classname="org.jacoco.core.internal.instr.DuplicateFrameEliminatorTest" name="testInsn" time="0" />

      <testcase classname="org.jacoco.core.internal.instr.DuplicateFrameEliminatorTest" name="testIntInsn" time="0" />

      <testcase classname="org.jacoco.core.internal.instr.DuplicateFrameEliminatorTest" name="testVarInsn" time="0" />

      <testcase classname="org.jacoco.core.internal.instr.DuplicateFrameEliminatorTest" name="testTypeInsn" time="0" />

      <testcase classname="org.jacoco.core.internal.instr.DuplicateFrameEliminatorTest" name="testFieldInsn" time="0.001" />

      <testcase classname="org.jacoco.core.internal.instr.DuplicateFrameEliminatorTest" name="testMethodInsn" time="0" />

      <testcase classname="org.jacoco.core.internal.instr.DuplicateFrameEliminatorTest" name="testInvokeDynamicInsn" time="0" />

      <testcase classname="org.jacoco.core.internal.instr.DuplicateFrameEliminatorTest" name="testJumpInsn" time="0" />

      <testcase classname="org.jacoco.core.internal.instr.DuplicateFrameEliminatorTest" name="testLdcInsn" time="0.001" />

      <testcase classname="org.jacoco.core.internal.instr.DuplicateFrameEliminatorTest" name="testIincInsn" time="0" />

      <testcase classname="org.jacoco.core.internal.instr.DuplicateFrameEliminatorTest" name="testTableSwitchInsn" time="0" />

      <testcase classname="org.jacoco.core.internal.instr.DuplicateFrameEliminatorTest" name="testLookupSwitchInsn" time="0" />

      <testcase classname="org.jacoco.core.internal.instr.DuplicateFrameEliminatorTest" name="testMultiANewArrayInsn" time="0" />

  </testsuite>
  <testsuite errors="0" failures="0" id="59" name="InstrSupportTest" package="org.jacoco.core.internal.instr" skipped="0" tests="16" time="0.005">
      <properties>
[...]
</properties>

      <testcase classname="org.jacoco.core.internal.instr.InstrSupportTest" name="testAssertNotIntrumentedPositive" time="0" />

[...]

      <testcase classname="org.jacoco.report.internal.html.HTMLElementTest" name="testTd2" time="0" />

      <testcase classname="org.jacoco.report.internal.html.HTMLElementTest" name="testImg" time="0" />

      <testcase classname="org.jacoco.report.internal.html.HTMLElementTest" name="testScript" time="0" />

  </testsuite>
  <testsuite errors="0" failures="0" id="116" name="ClassPageTest" package="org.jacoco.report.internal.html.page" skipped="0" tests="4" time="0.017">
      <properties>
[...]
</properties>

      <testcase classname="org.jacoco.report.internal.html.page.ClassPageTest" name="testGetLinkLabel" time="0.001" />

      <testcase classname="org.jacoco.report.internal.html.page.ClassPageTest" name="testContents" time="0.015" />

      <testcase classname="org.jacoco.report.internal.html.page.ClassPageTest" name="testGetFileName" time="0.001" />

      <testcase classname="org.jacoco.report.internal.html.page.ClassPageTest" name="testGetFileNameDefault" time="0" />

  </testsuite>
  <testsuite errors="0" failures="0" id="117" name="MethodItemTest" package="org.jacoco.report.internal.html.page" skipped="0" tests="6" time="0.003">
      <properties>
[...]
</properties>

      <testcase classname="org.jacoco.report.internal.html.page.MethodItemTest" name="testGetLink" time="0.002" />

      <testcase classname="org.jacoco.report.internal.html.page.MethodItemTest" name="testGetNode" time="0" />

      <testcase classname="org.jacoco.report.internal.html.page.MethodItemTest" name="testGetLinkLabel" time="0" />

      <testcase classname="org.jacoco.report.internal.html.page.MethodItemTest" name="testGetLinkStyle" time="0.001" />

      <testcase classname="org.jacoco.report.internal.html.page.MethodItemTest" name="testGetLinkNone" time="0" />

      <testcase classname="org.jacoco.report.internal.html.page.MethodItemTest" name="testGetLinkWithLine" time="0" />

  </testsuite>
  <testsuite errors="0" failures="0" id="118" name="NodePageTest" package="org.jacoco.report.internal.html.page" skipped="0" tests="4" time="0.005">
      <properties>
[...]
</properties>

      <testcase classname="org.jacoco.report.internal.html.page.NodePageTest" name="testGetNode" time="0.003" />

      <testcase classname="org.jacoco.report.internal.html.page.NodePageTest" name="testGetLinkLabel" time="0" />

      <testcase classname="org.jacoco.report.internal.html.page.NodePageTest" name="testGetLinkStyle1" time="0.001" />

      <testcase classname="org.jacoco.report.internal.html.page.NodePageTest" name="testGetLinkStyle2" time="0" />

  </testsuite>
  <testsuite errors="0" failures="0" id="119" name="PackagePageTest" package="org.jacoco.report.internal.html.page" skipped="0" tests="2" time="0.04">
      <properties>
[...]
</properties>

      <testcase classname="org.jacoco.report.internal.html.page.PackagePageTest" name="testContentsWithSource" time="0.025" />

      <testcase classname="org.jacoco.report.internal.html.page.PackagePageTest" name="testContentsNoSource" time="0.013" />

  </testsuite>
  <testsuite errors="0" failures="0" id="120" name="PackageSourcePageTest" package="org.jacoco.report.internal.html.page" skipped="0" tests="2" time="0.034">
      <properties>
[...]
</properties>

      <testcase classname="org.jacoco.report.internal.html.page.PackageSourcePageTest" name="testContents" time="0.029" />

      <testcase classname="org.jacoco.report.internal.html.page.PackageSourcePageTest" name="testGetSourceFilePages" time="0.002" />

  </testsuite>
  <testsuite errors="0" failures="0" id="121" name="ReportPageTest" package="org.jacoco.report.internal.html.page" skipped="0" tests="4" time="0.019">
      <properties>
[...]
</properties>

      <testcase classname="org.jacoco.report.internal.html.page.ReportPageTest" name="testGetLink" time="0.001" />

      <testcase classname="org.jacoco.report.internal.html.page.ReportPageTest" name="testIsRootPage1" time="0" />

      <testcase classname="org.jacoco.report.internal.html.page.ReportPageTest" name="testIsRootPage2" time="0.001" />

      <testcase classname="org.jacoco.report.internal.html.page.ReportPageTest" name="testPageContent" time="0.016" />

  </testsuite>
  <testsuite errors="0" failures="0" id="122" name="SessionsPageTest" package="org.jacoco.report.internal.html.page" skipped="0" tests="6" time="0.054">
      <properties>
[...]
</properties>

      <testcase classname="org.jacoco.report.internal.html.page.SessionsPageTest" name="testGetLinkLabel" time="0.009" />

      <testcase classname="org.jacoco.report.internal.html.page.SessionsPageTest" name="testGetLinkStyle" time="0.001" />

      <testcase classname="org.jacoco.report.internal.html.page.SessionsPageTest" name="testGetFileName" time="0" />

      <testcase classname="org.jacoco.report.internal.html.page.SessionsPageTest" name="testEmptyContent" time="0.012" />

      <testcase classname="org.jacoco.report.internal.html.page.SessionsPageTest" name="testSessionListContent" time="0.014" />

      <testcase classname="org.jacoco.report.internal.html.page.SessionsPageTest" name="testExecutionDataContent" time="0.016" />

  </testsuite>
  <testsuite errors="0" failures="0" id="123" name="SourceFilePageTest" package="org.jacoco.report.internal.html.page" skipped="0" tests="1" time="0.014">
      <properties>
[...]
</properties>

      <testcase classname="org.jacoco.report.internal.html.page.SourceFilePageTest" name="testContents" time="0.014" />

  </testsuite>
  <testsuite errors="0" failures="0" id="124" name="SourceHighlighterTest" package="org.jacoco.report.internal.html.page" skipped="0" tests="8" time="0.116">
      <properties>
[...]
</properties>

      <testcase classname="org.jacoco.report.internal.html.page.SourceHighlighterTest" name="testDefaultTabWidth" time="0.02" />

      <testcase classname="org.jacoco.report.internal.html.page.SourceHighlighterTest" name="testDefaultLanguage" time="0.016" />

      <testcase classname="org.jacoco.report.internal.html.page.SourceHighlighterTest" name="testSetLanguage" time="0.013" />

      <testcase classname="org.jacoco.report.internal.html.page.SourceHighlighterTest" name="testHighlighting" time="0.016" />

      <testcase classname="org.jacoco.report.internal.html.page.SourceHighlighterTest" name="testHighlightNone" time="0.012" />

      <testcase classname="org.jacoco.report.internal.html.page.SourceHighlighterTest" name="testHighlightBranchesFC" time="0.013" />

      <testcase classname="org.jacoco.report.internal.html.page.SourceHighlighterTest" name="testHighlightBranchesPC" time="0.012" />

      <testcase classname="org.jacoco.report.internal.html.page.SourceHighlighterTest" name="testHighlightBranchesNC" time="0.012" />

  </testsuite>
  <testsuite errors="0" failures="0" id="125" name="ResourcesTest" package="org.jacoco.report.internal.html.resources" skipped="0" tests="3" time="0.007">
      <properties>
[...]
</properties>

      <testcase classname="org.jacoco.report.internal.html.resources.ResourcesTest" name="testGetLink" time="0" />

      <testcase classname="org.jacoco.report.internal.html.resources.ResourcesTest" name="testCopyResources" time="0.005" />

      <testcase classname="org.jacoco.report.internal.html.resources.ResourcesTest" name="testGetElementStyle" time="0" />

  </testsuite>
  <testsuite errors="0" failures="0" id="126" name="StylesTest" package="org.jacoco.report.internal.html.resources" skipped="0" tests="4" time="0.001">
      <properties>
[...]
</properties>

      <testcase classname="org.jacoco.report.internal.html.resources.StylesTest" name="testCombine1" time="0.001" />

      <testcase classname="org.jacoco.report.internal.html.resources.StylesTest" name="testCombine2" time="0" />

      <testcase classname="org.jacoco.report.internal.html.resources.StylesTest" name="testCombine3" time="0" />

      <testcase classname="org.jacoco.report.internal.html.resources.StylesTest" name="testCombine4" time="0" />

  </testsuite>
  <testsuite errors="0" failures="0" id="127" name="BarColumnTest" package="org.jacoco.report.internal.html.table" skipped="0" tests="9" time="0.155">
      <properties>
[...]
</properties>

      <testcase classname="org.jacoco.report.internal.html.table.BarColumnTest" name="testInit" time="0.004" />

      <testcase classname="org.jacoco.report.internal.html.table.BarColumnTest" name="testLocale" time="0.024" />

      <testcase classname="org.jacoco.report.internal.html.table.BarColumnTest" name="testFooter" time="0.023" />

      <testcase classname="org.jacoco.report.internal.html.table.BarColumnTest" name="testComparator1" time="0.001" />

      <testcase classname="org.jacoco.report.internal.html.table.BarColumnTest" name="testComparator2" time="0.001" />

      <testcase classname="org.jacoco.report.internal.html.table.BarColumnTest" name="testBarWidths" time="0.03" />

      <testcase classname="org.jacoco.report.internal.html.table.BarColumnTest" name="testRedBarOnly" time="0.025" />

      <testcase classname="org.jacoco.report.internal.html.table.BarColumnTest" name="testGreenBarOnly" time="0.024" />

      <testcase classname="org.jacoco.report.internal.html.table.BarColumnTest" name="testNoBars" time="0.021" />

  </testsuite>
  <testsuite errors="0" failures="0" id="128" name="CounterColumnTest" package="org.jacoco.report.internal.html.table" skipped="0" tests="10" time="0.15">
      <properties>
[...]
</properties>

      <testcase classname="org.jacoco.report.internal.html.table.CounterColumnTest" name="testLocale" time="0.035" />

      <testcase classname="org.jacoco.report.internal.html.table.CounterColumnTest" name="testFooter" time="0.029" />

      <testcase classname="org.jacoco.report.internal.html.table.CounterColumnTest" name="testInitVisible" time="0.001" />

      <testcase classname="org.jacoco.report.internal.html.table.CounterColumnTest" name="testInitInvisible" time="0.001" />

      <testcase classname="org.jacoco.report.internal.html.table.CounterColumnTest" name="testItemTotal" time="0.027" />

      <testcase classname="org.jacoco.report.internal.html.table.CounterColumnTest" name="testItemMissed" time="0.027" />

      <testcase classname="org.jacoco.report.internal.html.table.CounterColumnTest" name="testItemCovered" time="0.026" />

      <testcase classname="org.jacoco.report.internal.html.table.CounterColumnTest" name="testComparatorTotal" time="0.001" />

      <testcase classname="org.jacoco.report.internal.html.table.CounterColumnTest" name="testComparatorCovered" time="0.001" />

      <testcase classname="org.jacoco.report.internal.html.table.CounterColumnTest" name="testComparatorMissed" time="0.001" />

  </testsuite>
  <testsuite errors="0" failures="0" id="129" name="LabelColumnTest" package="org.jacoco.report.internal.html.table" skipped="0" tests="6" time="0.1">
      <properties>
[...]
</properties>

      <testcase classname="org.jacoco.report.internal.html.table.LabelColumnTest" name="testInit" time="0.003" />

      <testcase classname="org.jacoco.report.internal.html.table.LabelColumnTest" name="testFooter" time="0.031" />

      <testcase classname="org.jacoco.report.internal.html.table.LabelColumnTest" name="testItemWithoutLink" time="0.033" />

      <testcase classname="org.jacoco.report.internal.html.table.LabelColumnTest" name="testItemWithLink" time="0.03" />

      <testcase classname="org.jacoco.report.internal.html.table.LabelColumnTest" name="testComparator1" time="0.001" />

      <testcase classname="org.jacoco.report.internal.html.table.LabelColumnTest" name="testComparator2" time="0.001" />

  </testsuite>
  <testsuite errors="0" failures="0" id="130" name="PercentageColumnTest" package="org.jacoco.report.internal.html.table" skipped="0" tests="8" time="0.368">
      <properties>
[...]
</properties>

      <testcase classname="org.jacoco.report.internal.html.table.PercentageColumnTest" name="testInit" time="0.01" />

      <testcase classname="org.jacoco.report.internal.html.table.PercentageColumnTest" name="testItem1" time="0.082" />

      <testcase classname="org.jacoco.report.internal.html.table.PercentageColumnTest" name="testItem2" time="0.076" />

      <testcase classname="org.jacoco.report.internal.html.table.PercentageColumnTest" name="testRounding" time="0.063" />

      <testcase classname="org.jacoco.report.internal.html.table.PercentageColumnTest" name="testLocale" time="0.058" />

      <testcase classname="org.jacoco.report.internal.html.table.PercentageColumnTest" name="testFooter1" time="0.037" />

      <testcase classname="org.jacoco.report.internal.html.table.PercentageColumnTest" name="testFooter2" time="0.035" />

      <testcase classname="org.jacoco.report.internal.html.table.PercentageColumnTest" name="testComparator" time="0.001" />

  </testsuite>
  <testsuite errors="0" failures="0" id="131" name="SortIndexTest" package="org.jacoco.report.internal.html.table" skipped="0" tests="6" time="0.007">
      <properties>
[...]
</properties>

      <testcase classname="org.jacoco.report.internal.html.table.SortIndexTest" name="testEmptyList" time="0.001" />

      <testcase classname="org.jacoco.report.internal.html.table.SortIndexTest" name="testSingleton" time="0.001" />

      <testcase classname="org.jacoco.report.internal.html.table.SortIndexTest" name="testSorted" time="0" />

      <testcase classname="org.jacoco.report.internal.html.table.SortIndexTest" name="testIncreaseBuffer" time="0.001" />

      <testcase classname="org.jacoco.report.internal.html.table.SortIndexTest" name="testReverse" time="0" />

      <testcase classname="org.jacoco.report.internal.html.table.SortIndexTest" name="testShuffle" time="0.001" />

  </testsuite>
  <testsuite errors="0" failures="0" id="132" name="TableTest" package="org.jacoco.report.internal.html.table" skipped="0" tests="5" time="0.064">
      <properties>
[...]
</properties>

      <testcase classname="org.jacoco.report.internal.html.table.TableTest" name="testCallbackSequence" time="0.007" />

      <testcase classname="org.jacoco.report.internal.html.table.TableTest" name="testInvisible" time="0.001" />

      <testcase classname="org.jacoco.report.internal.html.table.TableTest" name="testTwoDefaultSorts" time="0" />

      <testcase classname="org.jacoco.report.internal.html.table.TableTest" name="testSortIds" time="0.028" />

      <testcase classname="org.jacoco.report.internal.html.table.TableTest" name="testDefaultSorting" time="0.023" />

  </testsuite>
  <testsuite errors="0" failures="0" id="133" name="XMLDocumentTest" package="org.jacoco.report.internal.xml" skipped="0" tests="6" time="0.003">
      <properties>
[...]
</properties>

      <testcase classname="org.jacoco.report.internal.xml.XMLDocumentTest" name="testNoDoctype" time="0" />

      <testcase classname="org.jacoco.report.internal.xml.XMLDocumentTest" name="testNoDoctypeStandalone" time="0" />

      <testcase classname="org.jacoco.report.internal.xml.XMLDocumentTest" name="testDoctype" time="0" />

      <testcase classname="org.jacoco.report.internal.xml.XMLDocumentTest" name="testDoctypeStandalone" time="0.001" />

      <testcase classname="org.jacoco.report.internal.xml.XMLDocumentTest" name="testStream" time="0" />

      <testcase classname="org.jacoco.report.internal.xml.XMLDocumentTest" name="testClose" time="0.001" />

  </testsuite>
  <testsuite errors="0" failures="0" id="134" name="XMLElementTest" package="org.jacoco.report.internal.xml" skipped="0" tests="15" time="0.006">
      <properties>
[...]
</properties>

      <testcase classname="org.jacoco.report.internal.xml.XMLElementTest" name="testEmptyNode" time="0" />

      <testcase classname="org.jacoco.report.internal.xml.XMLElementTest" name="testAddAttributeToClosedNode" time="0.001" />

      <testcase classname="org.jacoco.report.internal.xml.XMLElementTest" name="testAddChildToClosedNode" time="0" />

      <testcase classname="org.jacoco.report.internal.xml.XMLElementTest" name="testAddTextToClosedNode" time="0" />

      <testcase classname="org.jacoco.report.internal.xml.XMLElementTest" name="testNestedElement" time="0" />

      <testcase classname="org.jacoco.report.internal.xml.XMLElementTest" name="test2NestedElements" time="0" />

      <testcase classname="org.jacoco.report.internal.xml.XMLElementTest" name="testText" time="0" />

      <testcase classname="org.jacoco.report.internal.xml.XMLElementTest" name="testMixedContent" time="0" />

      <testcase classname="org.jacoco.report.internal.xml.XMLElementTest" name="testQuotedText" time="0" />

      <testcase classname="org.jacoco.report.internal.xml.XMLElementTest" name="testNullAttributes" time="0" />

      <testcase classname="org.jacoco.report.internal.xml.XMLElementTest" name="testStringAttributes" time="0" />

      <testcase classname="org.jacoco.report.internal.xml.XMLElementTest" name="testIntAttributes" time="0.001" />

      <testcase classname="org.jacoco.report.internal.xml.XMLElementTest" name="testLongAttributes" time="0" />

      <testcase classname="org.jacoco.report.internal.xml.XMLElementTest" name="testInvalidAttributeOutput1" time="0" />

      <testcase classname="org.jacoco.report.internal.xml.XMLElementTest" name="testInvalidAttributeOutput2" time="0" />

  </testsuite>
  <testsuite errors="0" failures="0" id="135" name="XMLGroupVisitorTest" package="org.jacoco.report.internal.xml" skipped="0" tests="3" time="0.023">
      <properties>
[...]
</properties>

      <testcase classname="org.jacoco.report.internal.xml.XMLGroupVisitorTest" name="testVisitBundle" time="0.007" />

      <testcase classname="org.jacoco.report.internal.xml.XMLGroupVisitorTest" name="testVisitGroup" time="0.007" />

      <testcase classname="org.jacoco.report.internal.xml.XMLGroupVisitorTest" name="testVisitEnd" time="0.008" />

  </testsuite>
  <testsuite errors="0" failures="0" id="136" name="XMLFormatterTest" package="org.jacoco.report.xml" skipped="0" tests="6" time="0.477">
      <properties>
[...]
</properties>

      <testcase classname="org.jacoco.report.xml.XMLFormatterTest" name="testStructureWithGroup" time="0.281" />

      <testcase classname="org.jacoco.report.xml.XMLFormatterTest" name="testStructureWithNestedGroups" time="0.045" />

      <testcase classname="org.jacoco.report.xml.XMLFormatterTest" name="testStructureWithBundleOnly" time="0.121" />

      <testcase classname="org.jacoco.report.xml.XMLFormatterTest" name="testSetEncoding" time="0.005" />

      <testcase classname="org.jacoco.report.xml.XMLFormatterTest" name="testSessionInfo" time="0.016" />

      <testcase classname="org.jacoco.report.xml.XMLFormatterTest" name="testDefaultEncoding" time="0.003" />

  </testsuite>
  <testsuite errors="0" failures="0" id="137" name="ClassInfoTest" package="org.jacoco.examples" skipped="0" tests="1" time="0.01">
      <properties>
[...]
</properties>

      <testcase classname="org.jacoco.examples.ClassInfoTest" name="testRunExample" time="0.009" />

  </testsuite>
  <testsuite errors="0" failures="0" id="138" name="CoreTutorialTest" package="org.jacoco.examples" skipped="0" tests="1" time="0.1">
      <properties>
[...]
</properties>

      <testcase classname="org.jacoco.examples.CoreTutorialTest" name="testRunExample" time="0.073" />

  </testsuite>
  <testsuite errors="0" failures="0" id="139" name="ExecDumpTest" package="org.jacoco.examples" skipped="0" tests="1" time="0.023">
      <properties>
[...]
</properties>

      <testcase classname="org.jacoco.examples.ExecDumpTest" name="testRunExample" time="0.023" />

  </testsuite>
  <testsuite errors="0" failures="0" id="140" name="MBeanClientTest" package="org.jacoco.examples" skipped="0" tests="1" time="0.003">
      <properties>
[...]
</properties>

      <testcase classname="org.jacoco.examples.MBeanClientTest" name="testMBeanInterfaceCompatibility" time="0.002" />

  </testsuite>
</testsuites>
