<?xml version="1.0" encoding="UTF-8"?>
<testng-results skipped="0" failed="0" ignored="0" total="1" passed="1">
  <reporter-output>
  </reporter-output>
  <suite name="Default suite" duration-ms="26437" started-at="2017-04-30T13:41:39Z" finished-at="2017-04-30T13:42:06Z">
    <groups>
      <group name="loginTest">
        <method signature="SelectTest.runTest()[pri:0, instance:main.java.com.dbyl.tests.SelectTest@3c0ecd4b]" name="runTest" class="main.java.com.dbyl.tests.SelectTest"/>
      </group> <!-- loginTest -->
    </groups>
    <test name="Default test" duration-ms="26437" started-at="2017-04-30T13:41:39Z" finished-at="2017-04-30T13:42:06Z">
      <class name="main.java.com.dbyl.tests.SelectTest">
        <test-method status="PASS" signature="runTest()[pri:0, instance:main.java.com.dbyl.tests.SelectTest@3c0ecd4b]" name="runTest" duration-ms="26405" started-at="2017-04-30T21:41:39Z" finished-at="2017-04-30T21:42:06Z">
          <reporter-output>
          </reporter-output>
        </test-method> <!-- runTest -->
      </class> <!-- main.java.com.dbyl.tests.SelectTest -->
    </test> <!-- Default test -->
  </suite> <!-- Default suite -->
</testng-results>
